nohup: 忽略输入
(29000, 256) (145000, 256)
0 (array([1]),) (array([12]),) (array([20]),) (array([29]),) (array([345]),)
50 (array([6]),) (array([34]),) (array([0]),) (array([1]),) (array([1650]),)
100 (array([10]),) (array([7]),) (array([6]),) (array([1]),) (array([3]),)
150 (array([1]),) (array([12]),) (array([19]),) (array([26]),) (array([15]),)
200 (array([3]),) (array([48]),) (array([2]),) (array([1]),) (array([0]),)
250 (array([4]),) (array([0]),) (array([1]),) (array([45]),) (array([2]),)
300 (array([0]),) (array([38]),) (array([54]),) (array([1695]),) (array([16]),)
350 (array([9]),) (array([5]),) (array([3]),) (array([17]),) (array([12]),)
400 (array([10]),) (array([1]),) (array([1248]),) (array([0]),) (array([249]),)
450 (array([39]),) (array([27]),) (array([0]),) (array([5]),) (array([53]),)
500 (array([11]),) (array([17]),) (array([20]),) (array([6]),) (array([7]),)
550 (array([5]),) (array([0]),) (array([67]),) (array([1]),) (array([2]),)
600 (array([304]),) (array([6087]),) (array([368]),) (array([9]),) (array([121]),)
650 (array([55]),) (array([4]),) (array([1]),) (array([0]),) (array([6]),)
700 (array([0]),) (array([28]),) (array([5]),) (array([4]),) (array([1]),)
750 (array([610]),) (array([17]),) (array([180]),) (array([11]),) (array([422]),)
800 (array([0]),) (array([22]),) (array([2]),) (array([7]),) (array([524]),)
850 (array([375]),) (array([24]),) (array([0]),) (array([12]),) (array([31]),)
900 (array([1]),) (array([4]),) (array([7]),) (array([8]),) (array([114]),)
950 (array([11]),) (array([0]),) (array([163]),) (array([1]),) (array([427]),)
1000 (array([0]),) (array([144]),) (array([5]),) (array([20]),) (array([24]),)
1050 (array([17]),) (array([104]),) (array([172]),) (array([67]),) (array([566]),)
1100 (array([27]),) (array([12]),) (array([24]),) (array([202]),) (array([3]),)
1150 (array([5]),) (array([0]),) (array([1]),) (array([590]),) (array([8]),)
1200 (array([16]),) (array([30]),) (array([19]),) (array([20]),) (array([7]),)
1250 (array([1]),) (array([4]),) (array([2]),) (array([0]),) (array([8]),)
1300 (array([14]),) (array([3]),) (array([15]),) (array([5]),) (array([0]),)
1350 (array([4]),) (array([0]),) (array([43]),) (array([2]),) (array([6]),)
1400 (array([28]),) (array([35]),) (array([8]),) (array([24]),) (array([37]),)
1450 (array([1]),) (array([4]),) (array([249]),) (array([2774]),) (array([4916]),)
1500 (array([0]),) (array([8]),) (array([2]),) (array([161]),) (array([150]),)
1550 (array([9]),) (array([96]),) (array([1]),) (array([16]),) (array([31]),)
1600 (array([24]),) (array([141]),) (array([14]),) (array([21]),) (array([3]),)
1650 (array([17]),) (array([29]),) (array([348]),) (array([43]),) (array([493]),)
1700 (array([3]),) (array([4]),) (array([22]),) (array([54]),) (array([0]),)
1750 (array([0]),) (array([11]),) (array([24]),) (array([99]),) (array([4]),)
1800 (array([8]),) (array([0]),) (array([1]),) (array([77]),) (array([17]),)
1850 (array([75]),) (array([22]),) (array([6]),) (array([0]),) (array([65]),)
1900 (array([16]),) (array([92]),) (array([39]),) (array([1]),) (array([29]),)
1950 (array([2]),) (array([0]),) (array([1]),) (array([7]),) (array([25]),)
2000 (array([14]),) (array([0]),) (array([13]),) (array([51]),) (array([4]),)
2050 (array([2]),) (array([6]),) (array([5]),) (array([12]),) (array([9]),)
2100 (array([2]),) (array([155]),) (array([40]),) (array([42]),) (array([3]),)
2150 (array([0]),) (array([79]),) (array([25]),) (array([3]),) (array([36]),)
2200 (array([1]),) (array([29]),) (array([4]),) (array([109]),) (array([0]),)
2250 (array([0]),) (array([2]),) (array([1]),) (array([184]),) (array([392]),)
2300 (array([121]),) (array([24]),) (array([8]),) (array([65]),) (array([25]),)
2350 (array([1]),) (array([10]),) (array([268]),) (array([0]),) (array([11]),)
2400 (array([9]),) (array([19]),) (array([2]),) (array([4]),) (array([8]),)
2450 (array([5]),) (array([1]),) (array([0]),) (array([2]),) (array([9]),)
2500 (array([0]),) (array([2]),) (array([1]),) (array([3]),) (array([112]),)
2550 (array([0]),) (array([3]),) (array([9]),) (array([34]),) (array([67]),)
2600 (array([5]),) (array([1]),) (array([4]),) (array([0]),) (array([152]),)
2650 (array([11]),) (array([1618]),) (array([5]),) (array([71]),) (array([15]),)
2700 (array([10]),) (array([52]),) (array([8]),) (array([36]),) (array([12]),)
2750 (array([3]),) (array([7]),) (array([2]),) (array([267]),) (array([522]),)
2800 (array([6]),) (array([5]),) (array([2]),) (array([411]),) (array([19]),)
2850 (array([14]),) (array([67]),) (array([0]),) (array([26]),) (array([51]),)
2900 (array([10]),) (array([4]),) (array([74]),) (array([22]),) (array([130]),)
2950 (array([4]),) (array([64]),) (array([2]),) (array([7]),) (array([1]),)
3000 (array([0]),) (array([4]),) (array([352]),) (array([5]),) (array([1]),)
3050 (array([22]),) (array([28]),) (array([1266]),) (array([16]),) (array([20]),)
3100 (array([1]),) (array([4]),) (array([2]),) (array([3]),) (array([5]),)
3150 (array([38]),) (array([3]),) (array([4]),) (array([1]),) (array([0]),)
3200 (array([0]),) (array([1]),) (array([2]),) (array([14]),) (array([5]),)
3250 (array([1]),) (array([4]),) (array([0]),) (array([30]),) (array([14]),)
3300 (array([1639]),) (array([25]),) (array([10]),) (array([42]),) (array([105]),)
3350 (array([1]),) (array([48]),) (array([22]),) (array([0]),) (array([6]),)
3400 (array([3]),) (array([10]),) (array([19]),) (array([4]),) (array([61]),)
3450 (array([99]),) (array([24]),) (array([5]),) (array([62]),) (array([268]),)
3500 (array([0]),) (array([1]),) (array([5]),) (array([6]),) (array([10]),)
3550 (array([1]),) (array([4]),) (array([0]),) (array([12]),) (array([10]),)
3600 (array([46]),) (array([36]),) (array([0]),) (array([666]),) (array([1]),)
3650 (array([34]),) (array([18]),) (array([6]),) (array([42]),) (array([109]),)
3700 (array([15]),) (array([23]),) (array([8]),) (array([9]),) (array([19]),)
3750 (array([4]),) (array([1]),) (array([0]),) (array([40]),) (array([122]),)
3800 (array([6]),) (array([74]),) (array([14]),) (array([41]),) (array([91]),)
3850 (array([125]),) (array([1]),) (array([41]),) (array([4]),) (array([10]),)
3900 (array([8]),) (array([4]),) (array([0]),) (array([2]),) (array([1]),)
3950 (array([20]),) (array([114]),) (array([49]),) (array([64]),) (array([252]),)
4000 (array([14]),) (array([0]),) (array([277]),) (array([3]),) (array([65]),)
4050 (array([181]),) (array([197]),) (array([9]),) (array([50]),) (array([12]),)
4100 (array([11]),) (array([16]),) (array([21]),) (array([122]),) (array([113]),)
4150 (array([6]),) (array([0]),) (array([31]),) (array([1]),) (array([19]),)
4200 (array([2]),) (array([0]),) (array([1]),) (array([31]),) (array([7]),)
4250 (array([13]),) (array([5]),) (array([4]),) (array([135]),) (array([14]),)
4300 (array([6]),) (array([0]),) (array([17]),) (array([2]),) (array([1]),)
4350 (array([1]),) (array([0]),) (array([7]),) (array([79]),) (array([27]),)
4400 (array([2]),) (array([0]),) (array([10]),) (array([228]),) (array([7]),)
4450 (array([27]),) (array([15]),) (array([151]),) (array([0]),) (array([11]),)
4500 (array([4]),) (array([2]),) (array([0]),) (array([9]),) (array([3]),)
4550 (array([0]),) (array([35]),) (array([413]),) (array([11]),) (array([199]),)
4600 (array([11]),) (array([988]),) (array([86]),) (array([13]),) (array([158]),)
4650 (array([1]),) (array([11]),) (array([3]),) (array([24]),) (array([19]),)
4700 (array([28]),) (array([1]),) (array([183]),) (array([2]),) (array([10]),)
4750 (array([1]),) (array([0]),) (array([51]),) (array([3]),) (array([38]),)
4800 (array([8]),) (array([18]),) (array([12]),) (array([1]),) (array([4]),)
4850 (array([2]),) (array([3]),) (array([130]),) (array([4]),) (array([28]),)
4900 (array([2]),) (array([0]),) (array([5]),) (array([1]),) (array([3]),)
4950 (array([3]),) (array([0]),) (array([2]),) (array([4]),) (array([1]),)
5000 (array([1]),) (array([9]),) (array([0]),) (array([3]),) (array([4]),)
5050 (array([2]),) (array([1]),) (array([4]),) (array([62]),) (array([0]),)
5100 (array([18]),) (array([244]),) (array([6]),) (array([22]),) (array([0]),)
5150 (array([11]),) (array([10]),) (array([109]),) (array([234]),) (array([89]),)
5200 (array([75]),) (array([85]),) (array([6]),) (array([123]),) (array([2]),)
5250 (array([15]),) (array([0]),) (array([19]),) (array([5]),) (array([10]),)
5300 (array([3]),) (array([0]),) (array([220]),) (array([18]),) (array([2]),)
5350 (array([15]),) (array([0]),) (array([2]),) (array([12]),) (array([182]),)
5400 (array([3]),) (array([15]),) (array([0]),) (array([1]),) (array([19]),)
5450 (array([0]),) (array([7]),) (array([36]),) (array([2]),) (array([203]),)
5500 (array([1]),) (array([5]),) (array([45]),) (array([0]),) (array([29]),)
5550 (array([5]),) (array([0]),) (array([2]),) (array([3]),) (array([1]),)
5600 (array([2]),) (array([0]),) (array([101]),) (array([5]),) (array([396]),)
5650 (array([1]),) (array([3]),) (array([13]),) (array([49]),) (array([0]),)
5700 (array([0]),) (array([4]),) (array([33]),) (array([2]),) (array([1]),)
5750 (array([4]),) (array([11]),) (array([69]),) (array([51]),) (array([41]),)
5800 (array([98]),) (array([149]),) (array([30]),) (array([5]),) (array([170]),)
5850 (array([9]),) (array([1]),) (array([22]),) (array([23]),) (array([2]),)
5900 (array([4]),) (array([1]),) (array([5]),) (array([81]),) (array([115]),)
5950 (array([27]),) (array([28]),) (array([19]),) (array([66]),) (array([83]),)
6000 (array([1]),) (array([8]),) (array([91]),) (array([353]),) (array([59]),)
6050 (array([0]),) (array([3]),) (array([5]),) (array([1]),) (array([2]),)
6100 (array([7]),) (array([50]),) (array([1]),) (array([2]),) (array([12]),)
6150 (array([35]),) (array([15]),) (array([7]),) (array([6]),) (array([9]),)
6200 (array([358]),) (array([74]),) (array([60]),) (array([2]),) (array([260]),)
6250 (array([6]),) (array([3]),) (array([0]),) (array([20]),) (array([64]),)
6300 (array([24]),) (array([5]),) (array([76]),) (array([153]),) (array([6]),)
6350 (array([2]),) (array([4]),) (array([6]),) (array([8]),) (array([20]),)
6400 (array([3]),) (array([0]),) (array([25]),) (array([200]),) (array([19]),)
6450 (array([0]),) (array([23]),) (array([59]),) (array([4]),) (array([31]),)
6500 (array([11]),) (array([41]),) (array([607]),) (array([32]),) (array([0]),)
6550 (array([9]),) (array([38]),) (array([53]),) (array([13]),) (array([11]),)
6600 (array([83]),) (array([74]),) (array([4]),) (array([28]),) (array([54]),)
6650 (array([13506]),) (array([0]),) (array([1]),) (array([3]),) (array([2]),)
6700 (array([6]),) (array([44]),) (array([38]),) (array([19]),) (array([1]),)
6750 (array([47]),) (array([0]),) (array([40]),) (array([69]),) (array([1]),)
6800 (array([14]),) (array([28]),) (array([0]),) (array([12]),) (array([92]),)
6850 (array([54]),) (array([1]),) (array([112]),) (array([32]),) (array([21]),)
6900 (array([0]),) (array([2]),) (array([1]),) (array([3]),) (array([4]),)
6950 (array([0]),) (array([8]),) (array([12]),) (array([2]),) (array([3]),)
7000 (array([9]),) (array([1]),) (array([0]),) (array([3]),) (array([11]),)
7050 (array([19]),) (array([0]),) (array([7]),) (array([2]),) (array([251]),)
7100 (array([0]),) (array([32]),) (array([9]),) (array([2]),) (array([7]),)
7150 (array([2]),) (array([1]),) (array([0]),) (array([5]),) (array([22]),)
7200 (array([8]),) (array([0]),) (array([5]),) (array([38]),) (array([3]),)
7250 (array([0]),) (array([6]),) (array([2]),) (array([17]),) (array([3]),)
7300 (array([6]),) (array([20]),) (array([87]),) (array([80]),) (array([16]),)
7350 (array([119]),) (array([6]),) (array([0]),) (array([36]),) (array([1]),)
7400 (array([1]),) (array([4]),) (array([11]),) (array([2]),) (array([0]),)
7450 (array([3]),) (array([10]),) (array([1]),) (array([104]),) (array([11]),)
7500 (array([1]),) (array([5]),) (array([4]),) (array([0]),) (array([3]),)
7550 (array([5]),) (array([13]),) (array([30]),) (array([58]),) (array([53]),)
7600 (array([43]),) (array([0]),) (array([3]),) (array([79]),) (array([31]),)
7650 (array([75]),) (array([50]),) (array([101]),) (array([172]),) (array([13]),)
7700 (array([105]),) (array([339]),) (array([23]),) (array([1879]),) (array([984]),)
7750 (array([4]),) (array([43]),) (array([1]),) (array([24]),) (array([6]),)
7800 (array([1]),) (array([15]),) (array([14]),) (array([8]),) (array([0]),)
7850 (array([3]),) (array([528]),) (array([0]),) (array([27]),) (array([1]),)
7900 (array([38]),) (array([31]),) (array([5]),) (array([8]),) (array([4]),)
7950 (array([9]),) (array([21]),) (array([24]),) (array([108]),) (array([16]),)
8000 (array([15]),) (array([45]),) (array([33]),) (array([32]),) (array([2]),)
8050 (array([1]),) (array([0]),) (array([599]),) (array([49]),) (array([55]),)
8100 (array([7]),) (array([2]),) (array([104]),) (array([73]),) (array([33]),)
8150 (array([2]),) (array([1]),) (array([0]),) (array([18]),) (array([140]),)
8200 (array([13]),) (array([0]),) (array([14]),) (array([4]),) (array([12]),)
8250 (array([174]),) (array([2]),) (array([9]),) (array([5]),) (array([97]),)
8300 (array([0]),) (array([3]),) (array([2]),) (array([710]),) (array([1]),)
8350 (array([15]),) (array([2]),) (array([1]),) (array([166]),) (array([0]),)
8400 (array([639]),) (array([229]),) (array([420]),) (array([132]),) (array([1]),)
8450 (array([1]),) (array([23]),) (array([0]),) (array([77]),) (array([15]),)
8500 (array([22]),) (array([4]),) (array([7]),) (array([16]),) (array([61]),)
8550 (array([97]),) (array([200]),) (array([503]),) (array([302]),) (array([259]),)
8600 (array([3]),) (array([1]),) (array([2]),) (array([50]),) (array([52]),)
8650 (array([4]),) (array([6]),) (array([94]),) (array([29]),) (array([413]),)
8700 (array([13]),) (array([12]),) (array([0]),) (array([1]),) (array([3]),)
8750 (array([6]),) (array([126]),) (array([0]),) (array([5]),) (array([73]),)
8800 (array([3]),) (array([6]),) (array([7]),) (array([1]),) (array([20]),)
8850 (array([0]),) (array([1]),) (array([5]),) (array([7]),) (array([3]),)
8900 (array([4]),) (array([1]),) (array([0]),) (array([152]),) (array([75]),)
8950 (array([33]),) (array([101]),) (array([46]),) (array([49]),) (array([116]),)
9000 (array([2]),) (array([6]),) (array([4]),) (array([5]),) (array([33]),)
9050 (array([0]),) (array([16]),) (array([1]),) (array([3]),) (array([77]),)
9100 (array([26]),) (array([8]),) (array([15]),) (array([49]),) (array([2]),)
9150 (array([2]),) (array([1]),) (array([0]),) (array([38]),) (array([3]),)
9200 (array([43]),) (array([8]),) (array([13]),) (array([23]),) (array([66]),)
9250 (array([2]),) (array([235]),) (array([44]),) (array([78]),) (array([555]),)
9300 (array([1]),) (array([2]),) (array([23]),) (array([22]),) (array([4]),)
9350 (array([9]),) (array([28]),) (array([43]),) (array([76]),) (array([4]),)
9400 (array([11]),) (array([17]),) (array([13]),) (array([2]),) (array([8]),)
9450 (array([151]),) (array([1]),) (array([2]),) (array([6]),) (array([139]),)
9500 (array([141]),) (array([191]),) (array([2241]),) (array([31]),) (array([3]),)
9550 (array([0]),) (array([31]),) (array([13]),) (array([148]),) (array([2]),)
9600 (array([30]),) (array([52]),) (array([38]),) (array([24]),) (array([4]),)
9650 (array([24]),) (array([3]),) (array([21284]),) (array([27]),) (array([71]),)
9700 (array([211]),) (array([65]),) (array([220]),) (array([115]),) (array([311]),)
9750 (array([3]),) (array([22]),) (array([10]),) (array([8]),) (array([4]),)
9800 (array([6]),) (array([3]),) (array([18]),) (array([0]),) (array([2]),)
9850 (array([18]),) (array([1]),) (array([5]),) (array([106]),) (array([0]),)
9900 (array([5]),) (array([2]),) (array([1]),) (array([108]),) (array([249]),)
9950 (array([0]),) (array([6]),) (array([3]),) (array([20]),) (array([104]),)
10000 (array([275]),) (array([1]),) (array([21]),) (array([17]),) (array([5]),)
10050 (array([4]),) (array([32]),) (array([363]),) (array([10]),) (array([8]),)
10100 (array([2]),) (array([11]),) (array([0]),) (array([44]),) (array([1]),)
10150 (array([15]),) (array([26]),) (array([3]),) (array([29]),) (array([8]),)
10200 (array([4]),) (array([6]),) (array([1]),) (array([0]),) (array([22]),)
10250 (array([20]),) (array([6]),) (array([96]),) (array([28]),) (array([113]),)
10300 (array([19]),) (array([1]),) (array([0]),) (array([42]),) (array([2]),)
10350 (array([4]),) (array([17]),) (array([10]),) (array([27]),) (array([68]),)
10400 (array([0]),) (array([387]),) (array([64]),) (array([4]),) (array([10]),)
10450 (array([7]),) (array([3]),) (array([94]),) (array([9]),) (array([25]),)
10500 (array([391]),) (array([799]),) (array([6]),) (array([27]),) (array([2255]),)
10550 (array([0]),) (array([6]),) (array([18]),) (array([10]),) (array([52]),)
10600 (array([2]),) (array([1]),) (array([7]),) (array([0]),) (array([32]),)
10650 (array([1]),) (array([0]),) (array([4]),) (array([10]),) (array([15]),)
10700 (array([208]),) (array([45]),) (array([1]),) (array([39]),) (array([0]),)
10750 (array([11]),) (array([1]),) (array([5]),) (array([3]),) (array([0]),)
10800 (array([2]),) (array([97]),) (array([16]),) (array([17]),) (array([1]),)
10850 (array([0]),) (array([3]),) (array([2]),) (array([7]),) (array([1]),)
10900 (array([0]),) (array([35]),) (array([2]),) (array([3]),) (array([13]),)
10950 (array([15]),) (array([142]),) (array([123]),) (array([1]),) (array([41]),)
11000 (array([10]),) (array([46]),) (array([2]),) (array([61]),) (array([24]),)
11050 (array([10]),) (array([7]),) (array([26]),) (array([102]),) (array([42]),)
11100 (array([3]),) (array([22]),) (array([0]),) (array([5]),) (array([72]),)
11150 (array([12]),) (array([385]),) (array([4]),) (array([70]),) (array([0]),)
11200 (array([106]),) (array([16]),) (array([6]),) (array([35]),) (array([94]),)
11250 (array([11]),) (array([51]),) (array([0]),) (array([73]),) (array([9]),)
11300 (array([0]),) (array([8]),) (array([1]),) (array([2]),) (array([112]),)
11350 (array([0]),) (array([65]),) (array([140]),) (array([9]),) (array([5]),)
11400 (array([14]),) (array([32]),) (array([2]),) (array([0]),) (array([633]),)
11450 (array([10]),) (array([8]),) (array([1]),) (array([19]),) (array([0]),)
11500 (array([9]),) (array([104]),) (array([26]),) (array([28]),) (array([8]),)
11550 (array([132]),) (array([1]),) (array([238]),) (array([35]),) (array([158]),)
11600 (array([42]),) (array([108]),) (array([20]),) (array([19]),) (array([41]),)
11650 (array([0]),) (array([6]),) (array([2]),) (array([1]),) (array([3]),)
11700 (array([22]),) (array([1920]),) (array([168]),) (array([171]),) (array([6538]),)
11750 (array([10]),) (array([12]),) (array([98]),) (array([54]),) (array([11503]),)
11800 (array([0]),) (array([9]),) (array([2]),) (array([76]),) (array([56]),)
11850 (array([5]),) (array([0]),) (array([7]),) (array([20]),) (array([6]),)
11900 (array([39]),) (array([42]),) (array([62]),) (array([15]),) (array([21]),)
11950 (array([2]),) (array([12]),) (array([68]),) (array([3]),) (array([134]),)
12000 (array([28]),) (array([2]),) (array([319]),) (array([1]),) (array([17]),)
12050 (array([3]),) (array([1]),) (array([4]),) (array([2]),) (array([8]),)
12100 (array([150]),) (array([120]),) (array([43]),) (array([307]),) (array([102]),)
12150 (array([4]),) (array([0]),) (array([2]),) (array([1]),) (array([143]),)
12200 (array([2]),) (array([13]),) (array([10]),) (array([7]),) (array([25]),)
12250 (array([1]),) (array([0]),) (array([7]),) (array([5]),) (array([9]),)
12300 (array([194]),) (array([60]),) (array([68]),) (array([99]),) (array([185]),)
12350 (array([2]),) (array([3]),) (array([0]),) (array([1]),) (array([4]),)
12400 (array([1]),) (array([19]),) (array([16]),) (array([12]),) (array([0]),)
12450 (array([1]),) (array([2]),) (array([4]),) (array([3]),) (array([78]),)
12500 (array([0]),) (array([1]),) (array([8]),) (array([2]),) (array([3]),)
12550 (array([12]),) (array([2]),) (array([32]),) (array([20]),) (array([130]),)
12600 (array([73]),) (array([33]),) (array([12]),) (array([85]),) (array([5]),)
12650 (array([8]),) (array([0]),) (array([1]),) (array([4]),) (array([3]),)
12700 (array([6]),) (array([2]),) (array([0]),) (array([29]),) (array([7]),)
12750 (array([8]),) (array([9201]),) (array([0]),) (array([38]),) (array([40]),)
12800 (array([4]),) (array([41]),) (array([3]),) (array([30]),) (array([1039]),)
12850 (array([19]),) (array([0]),) (array([27]),) (array([28]),) (array([5]),)
12900 (array([0]),) (array([14]),) (array([6184]),) (array([1]),) (array([2]),)
12950 (array([15]),) (array([0]),) (array([2]),) (array([4]),) (array([3]),)
13000 (array([11]),) (array([3]),) (array([1]),) (array([417]),) (array([2]),)
13050 (array([65]),) (array([9]),) (array([105]),) (array([15]),) (array([1109]),)
13100 (array([66]),) (array([11]),) (array([678]),) (array([100]),) (array([24]),)
13150 (array([7]),) (array([2]),) (array([12]),) (array([0]),) (array([8]),)
13200 (array([39]),) (array([13]),) (array([9]),) (array([10]),) (array([0]),)
13250 (array([2]),) (array([6]),) (array([0]),) (array([1]),) (array([21]),)
13300 (array([1]),) (array([95]),) (array([463]),) (array([34]),) (array([106]),)
13350 (array([1]),) (array([56]),) (array([37]),) (array([23]),) (array([92]),)
13400 (array([142]),) (array([0]),) (array([62]),) (array([502]),) (array([1]),)
13450 (array([77]),) (array([95]),) (array([105]),) (array([276]),) (array([84]),)
13500 (array([14]),) (array([20]),) (array([8]),) (array([0]),) (array([29]),)
13550 (array([57]),) (array([1]),) (array([49]),) (array([63]),) (array([83]),)
13600 (array([125]),) (array([167]),) (array([1017]),) (array([94]),) (array([3]),)
13650 (array([25]),) (array([53]),) (array([7]),) (array([478]),) (array([133]),)
13700 (array([0]),) (array([2]),) (array([3]),) (array([26]),) (array([22]),)
13750 (array([2]),) (array([0]),) (array([10]),) (array([5]),) (array([3]),)
13800 (array([20]),) (array([48]),) (array([0]),) (array([5]),) (array([36]),)
13850 (array([1]),) (array([5]),) (array([9]),) (array([7]),) (array([17]),)
13900 (array([50]),) (array([25]),) (array([0]),) (array([13]),) (array([5878]),)
13950 (array([260]),) (array([313]),) (array([407]),) (array([913]),) (array([15]),)
14000 (array([0]),) (array([86]),) (array([1]),) (array([8]),) (array([987]),)
14050 (array([13]),) (array([7]),) (array([1]),) (array([17]),) (array([9]),)
14100 (array([4]),) (array([0]),) (array([1]),) (array([58]),) (array([27]),)
14150 (array([2]),) (array([30]),) (array([1]),) (array([5]),) (array([13]),)
14200 (array([8]),) (array([93]),) (array([10]),) (array([3]),) (array([18]),)
14250 (array([291]),) (array([9]),) (array([1]),) (array([2]),) (array([1130]),)
14300 (array([35]),) (array([911]),) (array([112]),) (array([101]),) (array([0]),)
14350 (array([11]),) (array([2]),) (array([12]),) (array([163]),) (array([164]),)
14400 (array([21]),) (array([1]),) (array([7]),) (array([31]),) (array([48]),)
14450 (array([2]),) (array([308]),) (array([1]),) (array([21]),) (array([3]),)
14500 (array([17]),) (array([293]),) (array([13]),) (array([10]),) (array([3]),)
14550 (array([33]),) (array([50]),) (array([14]),) (array([12]),) (array([131]),)
14600 (array([17]),) (array([0]),) (array([7]),) (array([4]),) (array([783]),)
14650 (array([2]),) (array([1269]),) (array([0]),) (array([1]),) (array([453]),)
14700 (array([79]),) (array([54]),) (array([67]),) (array([571]),) (array([206]),)
14750 (array([32]),) (array([0]),) (array([3]),) (array([34]),) (array([2]),)
14800 (array([60]),) (array([0]),) (array([9]),) (array([27]),) (array([142]),)
14850 (array([12]),) (array([41]),) (array([72]),) (array([36]),) (array([172]),)
14900 (array([3]),) (array([49]),) (array([32]),) (array([8]),) (array([9]),)
14950 (array([6]),) (array([47]),) (array([15]),) (array([13]),) (array([90]),)
15000 (array([3]),) (array([1]),) (array([4]),) (array([0]),) (array([2]),)
15050 (array([13]),) (array([19]),) (array([162]),) (array([5]),) (array([85]),)
15100 (array([17]),) (array([37]),) (array([3]),) (array([47]),) (array([5]),)
15150 (array([42]),) (array([32]),) (array([13]),) (array([46]),) (array([457]),)
15200 (array([48]),) (array([5]),) (array([9]),) (array([22]),) (array([67]),)
15250 (array([2]),) (array([3]),) (array([76]),) (array([465]),) (array([58]),)
15300 (array([14]),) (array([2]),) (array([0]),) (array([808]),) (array([1344]),)
15350 (array([19]),) (array([2]),) (array([51]),) (array([109]),) (array([306]),)
15400 (array([5]),) (array([0]),) (array([1]),) (array([2]),) (array([3]),)
15450 (array([21]),) (array([3]),) (array([2]),) (array([1]),) (array([0]),)
15500 (array([64]),) (array([62]),) (array([605]),) (array([102]),) (array([23]),)
15550 (array([2]),) (array([204]),) (array([248]),) (array([177]),) (array([66]),)
15600 (array([104]),) (array([26]),) (array([61]),) (array([56]),) (array([144]),)
15650 (array([51]),) (array([477]),) (array([50]),) (array([37]),) (array([5]),)
15700 (array([10]),) (array([13]),) (array([71]),) (array([48]),) (array([7]),)
15750 (array([60]),) (array([30]),) (array([2]),) (array([28]),) (array([13]),)
15800 (array([2]),) (array([93]),) (array([1]),) (array([0]),) (array([37]),)
15850 (array([12]),) (array([30]),) (array([15]),) (array([6]),) (array([1]),)
15900 (array([109]),) (array([277]),) (array([4]),) (array([50]),) (array([16]),)
15950 (array([5]),) (array([32]),) (array([1]),) (array([2]),) (array([242]),)
16000 (array([2]),) (array([3]),) (array([13]),) (array([54]),) (array([0]),)
16050 (array([8]),) (array([0]),) (array([34]),) (array([18]),) (array([13]),)
16100 (array([6]),) (array([3455]),) (array([23]),) (array([10]),) (array([4]),)
16150 (array([60]),) (array([591]),) (array([356]),) (array([144]),) (array([2]),)
16200 (array([7]),) (array([2]),) (array([164]),) (array([51]),) (array([463]),)
16250 (array([4]),) (array([1]),) (array([3]),) (array([2]),) (array([5]),)
16300 (array([0]),) (array([48]),) (array([173]),) (array([308]),) (array([460]),)
16350 (array([1]),) (array([11]),) (array([3]),) (array([17]),) (array([2]),)
16400 (array([46]),) (array([33]),) (array([12]),) (array([5]),) (array([24]),)
16450 (array([11]),) (array([80]),) (array([64]),) (array([5]),) (array([54]),)
16500 (array([0]),) (array([2]),) (array([17]),) (array([1]),) (array([10]),)
16550 (array([14]),) (array([1]),) (array([0]),) (array([7]),) (array([19]),)
16600 (array([2]),) (array([0]),) (array([30]),) (array([43]),) (array([1]),)
16650 (array([5]),) (array([13]),) (array([66]),) (array([166]),) (array([33]),)
16700 (array([954]),) (array([123]),) (array([98]),) (array([57]),) (array([134]),)
16750 (array([3]),) (array([22]),) (array([17]),) (array([14]),) (array([19]),)
16800 (array([16]),) (array([1]),) (array([3]),) (array([24]),) (array([370]),)
16850 (array([0]),) (array([5]),) (array([34]),) (array([3]),) (array([1063]),)
16900 (array([207]),) (array([94]),) (array([218]),) (array([83]),) (array([116]),)
16950 (array([0]),) (array([41]),) (array([5]),) (array([68]),) (array([2]),)
17000 (array([38]),) (array([71]),) (array([37]),) (array([163]),) (array([169]),)
17050 (array([2]),) (array([6]),) (array([51]),) (array([18]),) (array([0]),)
17100 (array([36]),) (array([1]),) (array([2]),) (array([0]),) (array([50]),)
17150 (array([3]),) (array([10]),) (array([5]),) (array([2]),) (array([0]),)
17200 (array([41]),) (array([16]),) (array([7]),) (array([5]),) (array([0]),)
17250 (array([924]),) (array([2776]),) (array([12]),) (array([3535]),) (array([511]),)
17300 (array([8]),) (array([1]),) (array([48]),) (array([83]),) (array([43]),)
17350 (array([0]),) (array([4]),) (array([5]),) (array([16]),) (array([6]),)
17400 (array([5]),) (array([4]),) (array([0]),) (array([26]),) (array([1]),)
17450 (array([163]),) (array([110]),) (array([1]),) (array([0]),) (array([5]),)
17500 (array([7]),) (array([86]),) (array([6]),) (array([4]),) (array([1]),)
17550 (array([0]),) (array([5]),) (array([6]),) (array([22]),) (array([116]),)
17600 (array([32]),) (array([80]),) (array([2]),) (array([3]),) (array([561]),)
17650 (array([4]),) (array([1]),) (array([2]),) (array([0]),) (array([3]),)
17700 (array([3]),) (array([0]),) (array([11]),) (array([6]),) (array([2]),)
17750 (array([0]),) (array([9]),) (array([1]),) (array([24]),) (array([81]),)
17800 (array([94]),) (array([1]),) (array([11]),) (array([2]),) (array([66]),)
17850 (array([977]),) (array([0]),) (array([15]),) (array([330]),) (array([1]),)
17900 (array([22]),) (array([2]),) (array([12]),) (array([14]),) (array([74]),)
17950 (array([5]),) (array([0]),) (array([1]),) (array([2]),) (array([13]),)
18000 (array([312]),) (array([48]),) (array([4]),) (array([316]),) (array([3]),)
18050 (array([4]),) (array([1]),) (array([6]),) (array([13]),) (array([20]),)
18100 (array([1]),) (array([12]),) (array([13]),) (array([2]),) (array([0]),)
18150 (array([0]),) (array([3]),) (array([14]),) (array([186]),) (array([766]),)
18200 (array([0]),) (array([12]),) (array([11]),) (array([429]),) (array([2]),)
18250 (array([7]),) (array([10]),) (array([35]),) (array([31]),) (array([28]),)
18300 (array([40]),) (array([98]),) (array([5]),) (array([0]),) (array([10]),)
18350 (array([10]),) (array([1]),) (array([128]),) (array([6]),) (array([2]),)
18400 (array([0]),) (array([2]),) (array([1]),) (array([39]),) (array([74]),)
18450 (array([35]),) (array([18]),) (array([4]),) (array([2]),) (array([1]),)
18500 (array([4]),) (array([0]),) (array([1]),) (array([2]),) (array([3]),)
18550 (array([0]),) (array([40]),) (array([64]),) (array([22]),) (array([2311]),)
18600 (array([0]),) (array([2]),) (array([1368]),) (array([1]),) (array([3]),)
18650 (array([5]),) (array([3]),) (array([6]),) (array([2]),) (array([232]),)
18700 (array([1]),) (array([131]),) (array([3]),) (array([151]),) (array([6]),)
18750 (array([0]),) (array([11]),) (array([4]),) (array([1]),) (array([3]),)
18800 (array([7]),) (array([3]),) (array([0]),) (array([1]),) (array([2]),)
18850 (array([16]),) (array([2]),) (array([8]),) (array([5]),) (array([26]),)
18900 (array([446]),) (array([301]),) (array([211]),) (array([24]),) (array([58]),)
18950 (array([17]),) (array([0]),) (array([26]),) (array([113]),) (array([10]),)
19000 (array([3]),) (array([0]),) (array([2]),) (array([8]),) (array([1]),)
19050 (array([57]),) (array([4]),) (array([1]),) (array([2]),) (array([0]),)
19100 (array([0]),) (array([44]),) (array([101]),) (array([125]),) (array([1032]),)
19150 (array([1]),) (array([10]),) (array([8]),) (array([49]),) (array([89]),)
19200 (array([0]),) (array([2]),) (array([11]),) (array([3]),) (array([80]),)
19250 (array([0]),) (array([4]),) (array([1190]),) (array([1]),) (array([3]),)
19300 (array([10]),) (array([12]),) (array([0]),) (array([144]),) (array([73]),)
19350 (array([40]),) (array([34]),) (array([74]),) (array([263]),) (array([167]),)
19400 (array([8]),) (array([240]),) (array([9]),) (array([67]),) (array([83]),)
19450 (array([16]),) (array([75]),) (array([0]),) (array([5]),) (array([1]),)
19500 (array([14]),) (array([35]),) (array([11]),) (array([40]),) (array([10]),)
19550 (array([15]),) (array([10]),) (array([7]),) (array([86]),) (array([77]),)
19600 (array([0]),) (array([12]),) (array([1]),) (array([115]),) (array([2]),)
19650 (array([7]),) (array([0]),) (array([1]),) (array([4]),) (array([8]),)
19700 (array([1]),) (array([4]),) (array([0]),) (array([14]),) (array([41]),)
19750 (array([1]),) (array([0]),) (array([12]),) (array([7]),) (array([32]),)
19800 (array([1]),) (array([21]),) (array([26]),) (array([12]),) (array([30]),)
19850 (array([80]),) (array([6]),) (array([39]),) (array([54]),) (array([1075]),)
19900 (array([1]),) (array([0]),) (array([2]),) (array([3]),) (array([167]),)
19950 (array([89]),) (array([38]),) (array([10]),) (array([29]),) (array([50]),)
20000 (array([0]),) (array([6]),) (array([4]),) (array([1]),) (array([198]),)
20050 (array([604]),) (array([8]),) (array([0]),) (array([19]),) (array([2616]),)
20100 (array([45]),) (array([23]),) (array([671]),) (array([357]),) (array([848]),)
20150 (array([3]),) (array([203]),) (array([0]),) (array([27]),) (array([4]),)
20200 (array([2]),) (array([11]),) (array([0]),) (array([57]),) (array([112]),)
20250 (array([1]),) (array([9]),) (array([2]),) (array([12]),) (array([0]),)
20300 (array([4]),) (array([25]),) (array([13]),) (array([3]),) (array([0]),)
20350 (array([0]),) (array([2]),) (array([227]),) (array([23]),) (array([237]),)
20400 (array([0]),) (array([3]),) (array([2]),) (array([1]),) (array([132]),)
20450 (array([320]),) (array([11]),) (array([656]),) (array([0]),) (array([23]),)
20500 (array([6]),) (array([743]),) (array([5]),) (array([1]),) (array([137]),)
20550 (array([1]),) (array([2]),) (array([3]),) (array([4]),) (array([29]),)
20600 (array([1]),) (array([35]),) (array([421]),) (array([66]),) (array([869]),)
20650 (array([26]),) (array([18]),) (array([4]),) (array([3]),) (array([11]),)
20700 (array([10]),) (array([46]),) (array([15]),) (array([0]),) (array([1]),)
20750 (array([8]),) (array([12]),) (array([34]),) (array([4]),) (array([9]),)
20800 (array([0]),) (array([4]),) (array([10]),) (array([33]),) (array([206]),)
20850 (array([9]),) (array([236]),) (array([1]),) (array([0]),) (array([6]),)
20900 (array([919]),) (array([122]),) (array([0]),) (array([1]),) (array([2]),)
20950 (array([1]),) (array([11]),) (array([3]),) (array([25]),) (array([0]),)
21000 (array([5]),) (array([3]),) (array([0]),) (array([8]),) (array([6]),)
21050 (array([105]),) (array([276]),) (array([164]),) (array([125]),) (array([180]),)
21100 (array([3]),) (array([12]),) (array([10]),) (array([0]),) (array([9]),)
21150 (array([76]),) (array([136]),) (array([4]),) (array([58]),) (array([42]),)
21200 (array([28]),) (array([13]),) (array([55]),) (array([8818]),) (array([8]),)
21250 (array([324]),) (array([8]),) (array([1]),) (array([4]),) (array([3]),)
21300 (array([13]),) (array([52]),) (array([61]),) (array([83]),) (array([6]),)
21350 (array([1]),) (array([0]),) (array([4]),) (array([5]),) (array([26]),)
21400 (array([1]),) (array([7]),) (array([3]),) (array([0]),) (array([2]),)
21450 (array([3]),) (array([6]),) (array([11]),) (array([0]),) (array([13]),)
21500 (array([0]),) (array([1]),) (array([9]),) (array([83]),) (array([31]),)
21550 (array([35]),) (array([1]),) (array([462]),) (array([0]),) (array([58]),)
21600 (array([29]),) (array([22]),) (array([33]),) (array([214]),) (array([10]),)
21650 (array([0]),) (array([550]),) (array([427]),) (array([12]),) (array([369]),)
21700 (array([926]),) (array([18]),) (array([7]),) (array([10]),) (array([82]),)
21750 (array([1]),) (array([3]),) (array([4]),) (array([9]),) (array([11]),)
21800 (array([2347]),) (array([1]),) (array([7]),) (array([3]),) (array([0]),)
21850 (array([118]),) (array([798]),) (array([19]),) (array([0]),) (array([8]),)
21900 (array([23]),) (array([0]),) (array([31]),) (array([6]),) (array([7]),)
21950 (array([0]),) (array([6]),) (array([3]),) (array([1312]),) (array([7]),)
22000 (array([0]),) (array([1]),) (array([9]),) (array([15]),) (array([168]),)
22050 (array([8]),) (array([45]),) (array([2]),) (array([17]),) (array([11]),)
22100 (array([17]),) (array([6]),) (array([104]),) (array([0]),) (array([270]),)
22150 (array([14]),) (array([2]),) (array([5]),) (array([10]),) (array([13]),)
22200 (array([13]),) (array([0]),) (array([4]),) (array([447]),) (array([2]),)
22250 (array([53]),) (array([475]),) (array([5617]),) (array([395]),) (array([5]),)
22300 (array([7]),) (array([168]),) (array([33]),) (array([416]),) (array([12]),)
22350 (array([10]),) (array([6]),) (array([7]),) (array([5]),) (array([127]),)
22400 (array([34]),) (array([42]),) (array([157]),) (array([10]),) (array([58]),)
22450 (array([29]),) (array([3]),) (array([0]),) (array([4404]),) (array([4]),)
22500 (array([13]),) (array([257]),) (array([118]),) (array([128]),) (array([307]),)
22550 (array([0]),) (array([5]),) (array([26]),) (array([7]),) (array([103]),)
22600 (array([17]),) (array([3]),) (array([41]),) (array([51]),) (array([18]),)
22650 (array([20]),) (array([32]),) (array([100]),) (array([8]),) (array([3]),)
22700 (array([104]),) (array([79]),) (array([5]),) (array([562]),) (array([0]),)
22750 (array([34]),) (array([225]),) (array([298]),) (array([43]),) (array([1070]),)
22800 (array([3]),) (array([2]),) (array([1]),) (array([0]),) (array([14099]),)
22850 (array([14]),) (array([2]),) (array([1]),) (array([144]),) (array([30]),)
22900 (array([31]),) (array([585]),) (array([39]),) (array([112]),) (array([1]),)
22950 (array([11]),) (array([329]),) (array([38]),) (array([21]),) (array([45]),)
23000 (array([50]),) (array([1]),) (array([2]),) (array([10]),) (array([1199]),)
23050 (array([10]),) (array([0]),) (array([5]),) (array([2]),) (array([1]),)
23100 (array([4]),) (array([3]),) (array([0]),) (array([1]),) (array([137]),)
23150 (array([20]),) (array([2]),) (array([267]),) (array([7]),) (array([79]),)
23200 (array([0]),) (array([27]),) (array([1]),) (array([4]),) (array([31]),)
23250 (array([10]),) (array([0]),) (array([9]),) (array([2]),) (array([4]),)
23300 (array([0]),) (array([1]),) (array([2]),) (array([3]),) (array([4]),)
23350 (array([4]),) (array([2]),) (array([0]),) (array([1]),) (array([10]),)
23400 (array([14]),) (array([4]),) (array([1]),) (array([98]),) (array([1260]),)
23450 (array([9]),) (array([5]),) (array([14]),) (array([197]),) (array([0]),)
23500 (array([10]),) (array([90]),) (array([28]),) (array([552]),) (array([0]),)
23550 (array([14]),) (array([5]),) (array([40]),) (array([18]),) (array([7]),)
23600 (array([12]),) (array([5]),) (array([42]),) (array([54]),) (array([23]),)
23650 (array([2]),) (array([0]),) (array([33]),) (array([50]),) (array([3]),)
23700 (array([2]),) (array([5]),) (array([3]),) (array([8]),) (array([1]),)
23750 (array([3]),) (array([12]),) (array([2]),) (array([0]),) (array([1]),)
23800 (array([3]),) (array([0]),) (array([11]),) (array([2]),) (array([51]),)
23850 (array([13]),) (array([4]),) (array([11]),) (array([12]),) (array([8]),)
23900 (array([11]),) (array([3]),) (array([0]),) (array([2]),) (array([10]),)
23950 (array([17]),) (array([332]),) (array([60]),) (array([123]),) (array([52]),)
24000 (array([1]),) (array([12]),) (array([209]),) (array([0]),) (array([2]),)
24050 (array([1]),) (array([3]),) (array([5]),) (array([19]),) (array([69]),)
24100 (array([47]),) (array([130]),) (array([30]),) (array([24]),) (array([1010]),)
24150 (array([4]),) (array([0]),) (array([6]),) (array([2477]),) (array([212]),)
24200 (array([54]),) (array([13]),) (array([7]),) (array([4]),) (array([9]),)
24250 (array([62]),) (array([134]),) (array([140]),) (array([2]),) (array([52]),)
24300 (array([98]),) (array([0]),) (array([2]),) (array([16]),) (array([240]),)
24350 (array([57]),) (array([5]),) (array([204]),) (array([1]),) (array([148]),)
24400 (array([11]),) (array([14]),) (array([69]),) (array([6]),) (array([12]),)
24450 (array([21]),) (array([22]),) (array([1520]),) (array([5]),) (array([998]),)
24500 (array([2]),) (array([21]),) (array([0]),) (array([13]),) (array([3]),)
24550 (array([0]),) (array([14]),) (array([24]),) (array([21]),) (array([13]),)
24600 (array([116]),) (array([0]),) (array([7]),) (array([87]),) (array([3]),)
24650 (array([1542]),) (array([74]),) (array([3]),) (array([26]),) (array([1]),)
24700 (array([35]),) (array([124]),) (array([76]),) (array([40]),) (array([258]),)
24750 (array([8]),) (array([15]),) (array([0]),) (array([12]),) (array([13]),)
24800 (array([6]),) (array([4]),) (array([1]),) (array([9]),) (array([2]),)
24850 (array([78]),) (array([5]),) (array([6]),) (array([27]),) (array([55]),)
24900 (array([10]),) (array([21]),) (array([51]),) (array([4]),) (array([11]),)
24950 (array([0]),) (array([54]),) (array([2]),) (array([81]),) (array([156]),)
25000 (array([13]),) (array([1]),) (array([0]),) (array([3]),) (array([43]),)
25050 (array([0]),) (array([159]),) (array([256]),) (array([74]),) (array([17]),)
25100 (array([10]),) (array([1]),) (array([2]),) (array([17]),) (array([15]),)
25150 (array([7]),) (array([27]),) (array([5]),) (array([13]),) (array([74]),)
25200 (array([40]),) (array([0]),) (array([5]),) (array([1]),) (array([17]),)
25250 (array([2]),) (array([3]),) (array([0]),) (array([5]),) (array([1]),)
25300 (array([7]),) (array([415]),) (array([2]),) (array([33]),) (array([10]),)
25350 (array([4]),) (array([1]),) (array([3]),) (array([26]),) (array([113]),)
25400 (array([1]),) (array([4]),) (array([5]),) (array([2]),) (array([108]),)
25450 (array([3]),) (array([2]),) (array([1]),) (array([0]),) (array([36]),)
25500 (array([3]),) (array([2]),) (array([0]),) (array([4]),) (array([1]),)
25550 (array([2]),) (array([0]),) (array([5]),) (array([1]),) (array([7]),)
25600 (array([8]),) (array([2]),) (array([20]),) (array([4729]),) (array([4]),)
25650 (array([1]),) (array([38]),) (array([1718]),) (array([8]),) (array([134]),)
25700 (array([0]),) (array([14]),) (array([8]),) (array([235]),) (array([32]),)
25750 (array([4]),) (array([2]),) (array([0]),) (array([1]),) (array([3]),)
25800 (array([7]),) (array([14]),) (array([3]),) (array([0]),) (array([10]),)
25850 (array([2]),) (array([1]),) (array([0]),) (array([3]),) (array([5]),)
25900 (array([0]),) (array([5]),) (array([9]),) (array([14]),) (array([3]),)
25950 (array([2]),) (array([7]),) (array([3]),) (array([0]),) (array([1]),)
26000 (array([8]),) (array([251]),) (array([6]),) (array([17650]),) (array([45]),)
26050 (array([1]),) (array([3]),) (array([2]),) (array([6]),) (array([8]),)
26100 (array([2]),) (array([70]),) (array([0]),) (array([3]),) (array([6]),)
26150 (array([27]),) (array([17]),) (array([1]),) (array([3]),) (array([1216]),)
26200 (array([108]),) (array([16]),) (array([13]),) (array([974]),) (array([58]),)
26250 (array([0]),) (array([3]),) (array([5]),) (array([2]),) (array([36]),)
26300 (array([61]),) (array([141]),) (array([20]),) (array([575]),) (array([7]),)
26350 (array([9]),) (array([0]),) (array([94]),) (array([13]),) (array([64]),)
26400 (array([34]),) (array([3]),) (array([179]),) (array([31]),) (array([0]),)
26450 (array([24]),) (array([18]),) (array([6]),) (array([12]),) (array([14]),)
26500 (array([20]),) (array([143]),) (array([16]),) (array([0]),) (array([4]),)
26550 (array([1]),) (array([21]),) (array([13]),) (array([0]),) (array([29]),)
26600 (array([433]),) (array([1]),) (array([72]),) (array([75]),) (array([4]),)
26650 (array([77]),) (array([40]),) (array([227]),) (array([12]),) (array([57]),)
26700 (array([9]),) (array([5]),) (array([0]),) (array([3]),) (array([40]),)
26750 (array([3]),) (array([13]),) (array([0]),) (array([7]),) (array([16]),)
26800 (array([112]),) (array([22]),) (array([9]),) (array([14]),) (array([25]),)
26850 (array([60]),) (array([373]),) (array([462]),) (array([109]),) (array([224]),)
26900 (array([6]),) (array([1]),) (array([0]),) (array([99]),) (array([3]),)
26950 (array([17]),) (array([13]),) (array([10]),) (array([0]),) (array([6]),)
27000 (array([15]),) (array([1]),) (array([0]),) (array([23]),) (array([2]),)
27050 (array([2]),) (array([13]),) (array([6]),) (array([1]),) (array([0]),)
27100 (array([6]),) (array([20]),) (array([5]),) (array([2]),) (array([18]),)
27150 (array([4]),) (array([9]),) (array([8]),) (array([34]),) (array([36]),)
27200 (array([14]),) (array([0]),) (array([3]),) (array([1]),) (array([178]),)
27250 (array([20]),) (array([16]),) (array([120]),) (array([139]),) (array([140]),)
27300 (array([0]),) (array([70]),) (array([16]),) (array([247]),) (array([9]),)
27350 (array([16]),) (array([1]),) (array([488]),) (array([217]),) (array([17]),)
27400 (array([18]),) (array([1]),) (array([0]),) (array([138]),) (array([8]),)
27450 (array([2]),) (array([0]),) (array([149]),) (array([3]),) (array([13]),)
27500 (array([2]),) (array([31]),) (array([0]),) (array([6]),) (array([245]),)
27550 (array([1]),) (array([3]),) (array([0]),) (array([2]),) (array([5]),)
27600 (array([14]),) (array([2]),) (array([18]),) (array([4]),) (array([25]),)
27650 (array([120]),) (array([15]),) (array([11]),) (array([63]),) (array([379]),)
27700 (array([11]),) (array([1]),) (array([7]),) (array([2]),) (array([91]),)
27750 (array([0]),) (array([3]),) (array([1]),) (array([2]),) (array([13]),)
27800 (array([16]),) (array([5]),) (array([11]),) (array([14]),) (array([27]),)
27850 (array([2]),) (array([16]),) (array([69]),) (array([4]),) (array([487]),)
27900 (array([6]),) (array([0]),) (array([3]),) (array([2]),) (array([1]),)
27950 (array([0]),) (array([280]),) (array([2]),) (array([3]),) (array([88]),)
28000 (array([16]),) (array([6]),) (array([7]),) (array([3]),) (array([14]),)
28050 (array([4]),) (array([73]),) (array([43]),) (array([1]),) (array([32]),)
28100 (array([2]),) (array([0]),) (array([4]),) (array([1]),) (array([11]),)
28150 (array([48]),) (array([14]),) (array([330]),) (array([570]),) (array([198]),)
28200 (array([1]),) (array([8054]),) (array([3]),) (array([5]),) (array([99]),)
28250 (array([19]),) (array([86]),) (array([17]),) (array([8]),) (array([6]),)
28300 (array([5]),) (array([8]),) (array([1]),) (array([340]),) (array([98]),)
28350 (array([8]),) (array([150]),) (array([1]),) (array([18]),) (array([246]),)
28400 (array([15]),) (array([72]),) (array([322]),) (array([1]),) (array([75]),)
28450 (array([57]),) (array([0]),) (array([1]),) (array([2]),) (array([8]),)
28500 (array([2]),) (array([10]),) (array([17]),) (array([1]),) (array([3]),)
28550 (array([14]),) (array([3]),) (array([0]),) (array([2]),) (array([6]),)
28600 (array([3]),) (array([1]),) (array([10]),) (array([5]),) (array([2]),)
28650 (array([19]),) (array([44]),) (array([24]),) (array([145]),) (array([68]),)
28700 (array([2]),) (array([4]),) (array([13]),) (array([30]),) (array([9]),)
28750 (array([4]),) (array([0]),) (array([5]),) (array([1]),) (array([28]),)
28800 (array([103]),) (array([8]),) (array([0]),) (array([12]),) (array([4]),)
28850 (array([3]),) (array([0]),) (array([10]),) (array([1]),) (array([6]),)
28900 (array([7]),) (array([16]),) (array([50]),) (array([49]),) (array([22]),)
28950 (array([1]),) (array([2]),) (array([0]),) (array([9]),) (array([8]),)
[92912 14260 12946 ... 33565 15603 39950]
