nohup: 忽略输入
(29000, 256) (145000, 256)
0 (array([0]),)
50 (array([2]),)
100 (array([1]),)
150 (array([0]),)
200 (array([0]),)
250 (array([14]),)
300 (array([0]),)
350 (array([2]),)
400 (array([2]),)
450 (array([6]),)
500 (array([1]),)
550 (array([5]),)
600 (array([0]),)
650 (array([1006]),)
700 (array([0]),)
750 (array([0]),)
800 (array([0]),)
850 (array([5]),)
900 (array([1]),)
950 (array([3]),)
1000 (array([2]),)
1050 (array([6]),)
1100 (array([3]),)
1150 (array([2]),)
1200 (array([0]),)
1250 (array([0]),)
1300 (array([0]),)
1350 (array([1]),)
1400 (array([0]),)
1450 (array([1]),)
1500 (array([0]),)
1550 (array([15]),)
1600 (array([0]),)
1650 (array([0]),)
1700 (array([0]),)
1750 (array([10]),)
1800 (array([0]),)
1850 (array([0]),)
1900 (array([0]),)
1950 (array([0]),)
2000 (array([0]),)
2050 (array([1]),)
2100 (array([0]),)
2150 (array([0]),)
2200 (array([0]),)
2250 (array([15]),)
2300 (array([5]),)
2350 (array([0]),)
2400 (array([2]),)
2450 (array([0]),)
2500 (array([0]),)
2550 (array([0]),)
2600 (array([0]),)
2650 (array([3]),)
2700 (array([1]),)
2750 (array([0]),)
2800 (array([2]),)
2850 (array([5]),)
2900 (array([0]),)
2950 (array([0]),)
3000 (array([94]),)
3050 (array([1]),)
3100 (array([53]),)
3150 (array([0]),)
3200 (array([11]),)
3250 (array([0]),)
3300 (array([0]),)
3350 (array([0]),)
3400 (array([3]),)
3450 (array([2]),)
3500 (array([0]),)
3550 (array([0]),)
3600 (array([12]),)
3650 (array([10]),)
3700 (array([5]),)
3750 (array([61]),)
3800 (array([71]),)
3850 (array([0]),)
3900 (array([0]),)
3950 (array([0]),)
4000 (array([0]),)
4050 (array([0]),)
4100 (array([31]),)
4150 (array([0]),)
4200 (array([0]),)
4250 (array([36]),)
4300 (array([37]),)
4350 (array([4]),)
4400 (array([0]),)
4450 (array([0]),)
4500 (array([0]),)
4550 (array([0]),)
4600 (array([0]),)
4650 (array([0]),)
4700 (array([1]),)
4750 (array([0]),)
4800 (array([0]),)
4850 (array([0]),)
4900 (array([0]),)
4950 (array([0]),)
5000 (array([1]),)
5050 (array([0]),)
5100 (array([15]),)
5150 (array([1]),)
5200 (array([0]),)
5250 (array([1]),)
5300 (array([11]),)
5350 (array([0]),)
5400 (array([2]),)
5450 (array([0]),)
5500 (array([2]),)
5550 (array([14]),)
5600 (array([1]),)
5650 (array([26]),)
5700 (array([7]),)
5750 (array([2]),)
5800 (array([0]),)
5850 (array([0]),)
5900 (array([1]),)
5950 (array([23]),)
6000 (array([0]),)
6050 (array([2]),)
6100 (array([2]),)
6150 (array([1]),)
6200 (array([0]),)
6250 (array([0]),)
6300 (array([2]),)
6350 (array([0]),)
6400 (array([48]),)
6450 (array([0]),)
6500 (array([11]),)
6550 (array([0]),)
6600 (array([0]),)
6650 (array([336]),)
6700 (array([4]),)
6750 (array([0]),)
6800 (array([25]),)
6850 (array([0]),)
6900 (array([0]),)
6950 (array([0]),)
7000 (array([5]),)
7050 (array([0]),)
7100 (array([3]),)
7150 (array([0]),)
7200 (array([7]),)
7250 (array([0]),)
7300 (array([11]),)
7350 (array([5]),)
7400 (array([0]),)
7450 (array([1]),)
7500 (array([0]),)
7550 (array([1]),)
7600 (array([0]),)
7650 (array([1]),)
7700 (array([0]),)
7750 (array([2]),)
7800 (array([0]),)
7850 (array([0]),)
7900 (array([11]),)
7950 (array([0]),)
8000 (array([0]),)
8050 (array([1]),)
8100 (array([0]),)
8150 (array([15]),)
8200 (array([0]),)
8250 (array([7]),)
8300 (array([7]),)
8350 (array([0]),)
8400 (array([0]),)
8450 (array([15]),)
8500 (array([0]),)
8550 (array([223]),)
8600 (array([0]),)
8650 (array([12]),)
8700 (array([2]),)
8750 (array([0]),)
8800 (array([0]),)
8850 (array([3]),)
8900 (array([16]),)
8950 (array([1]),)
9000 (array([1]),)
9050 (array([0]),)
9100 (array([17]),)
9150 (array([0]),)
9200 (array([0]),)
9250 (array([0]),)
9300 (array([0]),)
9350 (array([1]),)
9400 (array([7]),)
9450 (array([1]),)
9500 (array([0]),)
9550 (array([9]),)
9600 (array([2]),)
9650 (array([1]),)
9700 (array([2]),)
9750 (array([0]),)
9800 (array([1]),)
9850 (array([5]),)
9900 (array([16]),)
9950 (array([0]),)
10000 (array([1]),)
10050 (array([0]),)
10100 (array([0]),)
10150 (array([0]),)
10200 (array([2]),)
10250 (array([5]),)
10300 (array([2]),)
10350 (array([0]),)
10400 (array([4]),)
10450 (array([0]),)
10500 (array([0]),)
10550 (array([63]),)
10600 (array([0]),)
10650 (array([2]),)
10700 (array([1]),)
10750 (array([3]),)
10800 (array([0]),)
10850 (array([0]),)
10900 (array([8]),)
10950 (array([0]),)
11000 (array([0]),)
11050 (array([2]),)
11100 (array([1]),)
11150 (array([0]),)
11200 (array([0]),)
11250 (array([1]),)
11300 (array([2]),)
11350 (array([0]),)
11400 (array([1]),)
11450 (array([0]),)
11500 (array([13]),)
11550 (array([0]),)
11600 (array([2]),)
11650 (array([22]),)
11700 (array([2]),)
11750 (array([1]),)
11800 (array([0]),)
11850 (array([2]),)
11900 (array([0]),)
11950 (array([3]),)
12000 (array([0]),)
12050 (array([2]),)
12100 (array([0]),)
12150 (array([22]),)
12200 (array([3]),)
12250 (array([3]),)
12300 (array([425]),)
12350 (array([5]),)
12400 (array([0]),)
12450 (array([0]),)
12500 (array([0]),)
12550 (array([1]),)
12600 (array([87]),)
12650 (array([6]),)
12700 (array([0]),)
12750 (array([3]),)
12800 (array([1548]),)
12850 (array([0]),)
12900 (array([8]),)
12950 (array([0]),)
13000 (array([2]),)
13050 (array([22]),)
13100 (array([32]),)
13150 (array([0]),)
13200 (array([9]),)
13250 (array([6]),)
13300 (array([3]),)
13350 (array([0]),)
13400 (array([0]),)
13450 (array([8]),)
13500 (array([1]),)
13550 (array([1]),)
13600 (array([0]),)
13650 (array([0]),)
13700 (array([4]),)
13750 (array([1]),)
13800 (array([0]),)
13850 (array([0]),)
13900 (array([3]),)
13950 (array([0]),)
14000 (array([1]),)
14050 (array([0]),)
14100 (array([0]),)
14150 (array([2]),)
14200 (array([0]),)
14250 (array([0]),)
14300 (array([1]),)
14350 (array([9]),)
14400 (array([3]),)
14450 (array([0]),)
14500 (array([3]),)
14550 (array([1]),)
14600 (array([0]),)
14650 (array([5]),)
14700 (array([7]),)
14750 (array([4]),)
14800 (array([488]),)
14850 (array([1]),)
14900 (array([0]),)
14950 (array([8]),)
15000 (array([0]),)
15050 (array([6]),)
15100 (array([6]),)
15150 (array([1]),)
15200 (array([0]),)
15250 (array([0]),)
15300 (array([1]),)
15350 (array([16]),)
15400 (array([1]),)
15450 (array([5]),)
15500 (array([0]),)
15550 (array([0]),)
15600 (array([22]),)
15650 (array([0]),)
15700 (array([4]),)
15750 (array([7]),)
15800 (array([30]),)
15850 (array([2]),)
15900 (array([1]),)
15950 (array([2]),)
16000 (array([0]),)
16050 (array([27]),)
16100 (array([27]),)
16150 (array([0]),)
16200 (array([7]),)
16250 (array([0]),)
16300 (array([0]),)
16350 (array([0]),)
16400 (array([52]),)
16450 (array([1]),)
16500 (array([297]),)
16550 (array([12]),)
16600 (array([0]),)
16650 (array([0]),)
16700 (array([0]),)
16750 (array([0]),)
16800 (array([1]),)
16850 (array([0]),)
16900 (array([7]),)
16950 (array([0]),)
17000 (array([1]),)
17050 (array([0]),)
17100 (array([0]),)
17150 (array([19]),)
17200 (array([0]),)
17250 (array([7]),)
17300 (array([1]),)
17350 (array([1]),)
17400 (array([0]),)
17450 (array([3]),)
17500 (array([0]),)
17550 (array([8]),)
17600 (array([0]),)
17650 (array([0]),)
17700 (array([0]),)
17750 (array([0]),)
17800 (array([0]),)
17850 (array([1]),)
17900 (array([0]),)
17950 (array([29]),)
18000 (array([27]),)
18050 (array([0]),)
18100 (array([44]),)
18150 (array([3]),)
18200 (array([1]),)
18250 (array([0]),)
18300 (array([0]),)
18350 (array([0]),)
18400 (array([0]),)
18450 (array([0]),)
18500 (array([1]),)
18550 (array([0]),)
18600 (array([0]),)
18650 (array([0]),)
18700 (array([0]),)
18750 (array([0]),)
18800 (array([0]),)
18850 (array([0]),)
18900 (array([17]),)
18950 (array([1]),)
19000 (array([4]),)
19050 (array([3]),)
19100 (array([27]),)
19150 (array([0]),)
19200 (array([3]),)
19250 (array([35]),)
19300 (array([1]),)
19350 (array([0]),)
19400 (array([0]),)
19450 (array([1]),)
19500 (array([41]),)
19550 (array([4]),)
19600 (array([933]),)
19650 (array([1]),)
19700 (array([1]),)
19750 (array([1]),)
19800 (array([0]),)
19850 (array([11]),)
19900 (array([0]),)
19950 (array([8]),)
20000 (array([0]),)
20050 (array([16]),)
20100 (array([2]),)
20150 (array([0]),)
20200 (array([1]),)
20250 (array([75]),)
20300 (array([0]),)
20350 (array([4]),)
20400 (array([1]),)
20450 (array([2]),)
20500 (array([0]),)
20550 (array([18]),)
20600 (array([0]),)
20650 (array([3]),)
20700 (array([8]),)
20750 (array([0]),)
20800 (array([0]),)
20850 (array([2]),)
20900 (array([2]),)
20950 (array([0]),)
21000 (array([0]),)
21050 (array([6]),)
21100 (array([5]),)
21150 (array([0]),)
21200 (array([0]),)
21250 (array([0]),)
21300 (array([15]),)
21350 (array([0]),)
21400 (array([0]),)
21450 (array([1]),)
21500 (array([3]),)
21550 (array([0]),)
21600 (array([5]),)
21650 (array([2]),)
21700 (array([46]),)
21750 (array([0]),)
21800 (array([0]),)
21850 (array([20]),)
21900 (array([0]),)
21950 (array([86]),)
22000 (array([3]),)
22050 (array([0]),)
22100 (array([5]),)
22150 (array([0]),)
22200 (array([0]),)
22250 (array([1]),)
22300 (array([5]),)
22350 (array([13]),)
22400 (array([1]),)
22450 (array([2]),)
22500 (array([1]),)
22550 (array([13]),)
22600 (array([0]),)
22650 (array([0]),)
22700 (array([10]),)
22750 (array([0]),)
22800 (array([3]),)
22850 (array([14]),)
22900 (array([1]),)
22950 (array([0]),)
23000 (array([5]),)
23050 (array([0]),)
23100 (array([3]),)
23150 (array([0]),)
23200 (array([25]),)
23250 (array([1]),)
23300 (array([0]),)
23350 (array([0]),)
23400 (array([4]),)
23450 (array([0]),)
23500 (array([8]),)
23550 (array([10]),)
23600 (array([14]),)
23650 (array([2]),)
23700 (array([26]),)
23750 (array([1]),)
23800 (array([0]),)
23850 (array([7]),)
23900 (array([0]),)
23950 (array([0]),)
24000 (array([0]),)
24050 (array([7]),)
24100 (array([0]),)
24150 (array([0]),)
24200 (array([1]),)
24250 (array([0]),)
24300 (array([1]),)
24350 (array([0]),)
24400 (array([0]),)
24450 (array([0]),)
24500 (array([0]),)
24550 (array([2]),)
24600 (array([0]),)
24650 (array([0]),)
24700 (array([13]),)
24750 (array([0]),)
24800 (array([2]),)
24850 (array([5]),)
24900 (array([71]),)
24950 (array([0]),)
25000 (array([0]),)
25050 (array([16]),)
25100 (array([1]),)
25150 (array([0]),)
25200 (array([0]),)
25250 (array([0]),)
25300 (array([0]),)
25350 (array([0]),)
25400 (array([4]),)
25450 (array([86]),)
25500 (array([12]),)
25550 (array([1]),)
25600 (array([8]),)
25650 (array([0]),)
25700 (array([56]),)
25750 (array([2]),)
25800 (array([1]),)
25850 (array([0]),)
25900 (array([5]),)
25950 (array([0]),)
26000 (array([1]),)
26050 (array([11]),)
26100 (array([0]),)
26150 (array([2]),)
26200 (array([0]),)
26250 (array([0]),)
26300 (array([0]),)
26350 (array([12]),)
26400 (array([0]),)
26450 (array([3]),)
26500 (array([2]),)
26550 (array([0]),)
26600 (array([21]),)
26650 (array([0]),)
26700 (array([0]),)
26750 (array([4]),)
26800 (array([1]),)
26850 (array([2]),)
26900 (array([9]),)
26950 (array([48]),)
27000 (array([0]),)
27050 (array([26]),)
27100 (array([92]),)
27150 (array([0]),)
27200 (array([1]),)
27250 (array([0]),)
27300 (array([0]),)
27350 (array([0]),)
27400 (array([26]),)
27450 (array([0]),)
27500 (array([0]),)
27550 (array([56]),)
27600 (array([4]),)
27650 (array([0]),)
27700 (array([2]),)
27750 (array([0]),)
27800 (array([2]),)
27850 (array([5]),)
27900 (array([0]),)
27950 (array([0]),)
28000 (array([1]),)
28050 (array([0]),)
28100 (array([2]),)
28150 (array([4]),)
28200 (array([8]),)
28250 (array([0]),)
28300 (array([18]),)
28350 (array([13]),)
28400 (array([0]),)
28450 (array([0]),)
28500 (array([0]),)
28550 (array([0]),)
28600 (array([0]),)
28650 (array([15]),)
28700 (array([0]),)
28750 (array([0]),)
28800 (array([3]),)
28850 (array([1]),)
28900 (array([0]),)
28950 (array([0]),)
29000 (array([0]),)
29050 (array([4]),)
29100 (array([26]),)
29150 (array([0]),)
29200 (array([5]),)
29250 (array([0]),)
29300 (array([0]),)
29350 (array([0]),)
29400 (array([7]),)
29450 (array([37]),)
29500 (array([0]),)
29550 (array([0]),)
29600 (array([5]),)
29650 (array([0]),)
29700 (array([1]),)
29750 (array([0]),)
29800 (array([23]),)
29850 (array([7]),)
29900 (array([2]),)
29950 (array([1]),)
30000 (array([0]),)
30050 (array([1]),)
30100 (array([17]),)
30150 (array([0]),)
30200 (array([0]),)
30250 (array([0]),)
30300 (array([0]),)
30350 (array([0]),)
30400 (array([15]),)
30450 (array([1]),)
30500 (array([0]),)
30550 (array([0]),)
30600 (array([5]),)
30650 (array([0]),)
30700 (array([39]),)
30750 (array([2]),)
30800 (array([1]),)
30850 (array([0]),)
30900 (array([94]),)
30950 (array([2]),)
31000 (array([33]),)
31050 (array([2]),)
31100 (array([0]),)
31150 (array([0]),)
31200 (array([0]),)
31250 (array([2]),)
31300 (array([0]),)
31350 (array([4]),)
31400 (array([1]),)
31450 (array([2]),)
31500 (array([2]),)
31550 (array([0]),)
31600 (array([0]),)
31650 (array([1]),)
31700 (array([0]),)
31750 (array([2]),)
31800 (array([57]),)
31850 (array([8]),)
31900 (array([11]),)
31950 (array([0]),)
32000 (array([0]),)
32050 (array([2]),)
32100 (array([1]),)
32150 (array([0]),)
32200 (array([2]),)
32250 (array([0]),)
32300 (array([3]),)
32350 (array([0]),)
32400 (array([11]),)
32450 (array([3]),)
32500 (array([0]),)
32550 (array([0]),)
32600 (array([1]),)
32650 (array([0]),)
32700 (array([9]),)
32750 (array([0]),)
32800 (array([0]),)
32850 (array([2]),)
32900 (array([7]),)
32950 (array([1]),)
33000 (array([1]),)
33050 (array([17]),)
33100 (array([3]),)
33150 (array([3]),)
33200 (array([0]),)
33250 (array([3209]),)
33300 (array([24]),)
33350 (array([14]),)
33400 (array([0]),)
33450 (array([7]),)
33500 (array([2]),)
33550 (array([0]),)
33600 (array([10]),)
33650 (array([3]),)
33700 (array([0]),)
33750 (array([6]),)
33800 (array([51]),)
33850 (array([0]),)
33900 (array([8]),)
33950 (array([0]),)
34000 (array([0]),)
34050 (array([0]),)
34100 (array([0]),)
34150 (array([3]),)
34200 (array([0]),)
34250 (array([28]),)
34300 (array([1]),)
34350 (array([3]),)
34400 (array([1]),)
34450 (array([0]),)
34500 (array([0]),)
34550 (array([1]),)
34600 (array([22]),)
34650 (array([0]),)
34700 (array([0]),)
34750 (array([0]),)
34800 (array([19]),)
34850 (array([17]),)
34900 (array([0]),)
34950 (array([1]),)
35000 (array([5]),)
35050 (array([0]),)
35100 (array([0]),)
35150 (array([0]),)
35200 (array([35]),)
35250 (array([8]),)
35300 (array([11]),)
35350 (array([0]),)
35400 (array([84]),)
35450 (array([1]),)
35500 (array([0]),)
35550 (array([16]),)
35600 (array([1]),)
35650 (array([3]),)
35700 (array([47]),)
35750 (array([0]),)
35800 (array([10]),)
35850 (array([57]),)
35900 (array([0]),)
35950 (array([4]),)
36000 (array([0]),)
36050 (array([22]),)
36100 (array([0]),)
36150 (array([0]),)
36200 (array([0]),)
36250 (array([0]),)
36300 (array([2]),)
36350 (array([1]),)
36400 (array([9]),)
36450 (array([0]),)
36500 (array([0]),)
36550 (array([0]),)
36600 (array([8]),)
36650 (array([55]),)
36700 (array([0]),)
36750 (array([4]),)
36800 (array([108]),)
36850 (array([0]),)
36900 (array([0]),)
36950 (array([22]),)
37000 (array([0]),)
37050 (array([1]),)
37100 (array([45]),)
37150 (array([0]),)
37200 (array([0]),)
37250 (array([3]),)
37300 (array([0]),)
37350 (array([2]),)
37400 (array([0]),)
37450 (array([0]),)
37500 (array([3]),)
37550 (array([6]),)
37600 (array([434]),)
37650 (array([0]),)
37700 (array([0]),)
37750 (array([4]),)
37800 (array([4]),)
37850 (array([13]),)
37900 (array([8]),)
37950 (array([0]),)
38000 (array([3]),)
38050 (array([9]),)
38100 (array([1]),)
38150 (array([2]),)
38200 (array([2]),)
38250 (array([1]),)
38300 (array([6]),)
38350 (array([4]),)
38400 (array([34]),)
38450 (array([4]),)
38500 (array([11]),)
38550 (array([0]),)
38600 (array([4]),)
38650 (array([0]),)
38700 (array([7]),)
38750 (array([0]),)
38800 (array([0]),)
38850 (array([2]),)
38900 (array([0]),)
38950 (array([0]),)
39000 (array([0]),)
39050 (array([0]),)
39100 (array([0]),)
39150 (array([48]),)
39200 (array([0]),)
39250 (array([4]),)
39300 (array([0]),)
39350 (array([420]),)
39400 (array([10]),)
39450 (array([1]),)
39500 (array([1]),)
39550 (array([12]),)
39600 (array([2]),)
39650 (array([0]),)
39700 (array([3]),)
39750 (array([0]),)
39800 (array([0]),)
39850 (array([1]),)
39900 (array([0]),)
39950 (array([284]),)
40000 (array([9]),)
40050 (array([1]),)
40100 (array([9]),)
40150 (array([0]),)
40200 (array([1]),)
40250 (array([1]),)
40300 (array([6]),)
40350 (array([0]),)
40400 (array([6]),)
40450 (array([0]),)
40500 (array([2]),)
40550 (array([67]),)
40600 (array([5]),)
40650 (array([2]),)
40700 (array([0]),)
40750 (array([0]),)
40800 (array([0]),)
40850 (array([2]),)
40900 (array([2]),)
40950 (array([1]),)
41000 (array([0]),)
41050 (array([0]),)
41100 (array([3]),)
41150 (array([0]),)
41200 (array([0]),)
41250 (array([2]),)
41300 (array([0]),)
41350 (array([0]),)
41400 (array([2]),)
41450 (array([0]),)
41500 (array([0]),)
41550 (array([3]),)
41600 (array([75]),)
41650 (array([17]),)
41700 (array([10]),)
41750 (array([3]),)
41800 (array([0]),)
41850 (array([0]),)
41900 (array([0]),)
41950 (array([0]),)
42000 (array([38]),)
42050 (array([0]),)
42100 (array([3]),)
42150 (array([23]),)
42200 (array([2]),)
42250 (array([0]),)
42300 (array([48]),)
42350 (array([1]),)
42400 (array([0]),)
42450 (array([0]),)
42500 (array([1]),)
42550 (array([0]),)
42600 (array([5]),)
42650 (array([2]),)
42700 (array([703]),)
42750 (array([16]),)
42800 (array([0]),)
42850 (array([107]),)
42900 (array([0]),)
42950 (array([0]),)
43000 (array([2]),)
43050 (array([8]),)
43100 (array([0]),)
43150 (array([16]),)
43200 (array([0]),)
43250 (array([0]),)
43300 (array([0]),)
43350 (array([0]),)
43400 (array([1]),)
43450 (array([1]),)
43500 (array([1]),)
43550 (array([0]),)
43600 (array([0]),)
43650 (array([0]),)
43700 (array([3]),)
43750 (array([0]),)
43800 (array([17]),)
43850 (array([0]),)
43900 (array([0]),)
43950 (array([5]),)
44000 (array([0]),)
44050 (array([20]),)
44100 (array([0]),)
44150 (array([0]),)
44200 (array([0]),)
44250 (array([0]),)
44300 (array([0]),)
44350 (array([42]),)
44400 (array([11]),)
44450 (array([61]),)
44500 (array([0]),)
44550 (array([3]),)
44600 (array([0]),)
44650 (array([0]),)
44700 (array([0]),)
44750 (array([3]),)
44800 (array([12]),)
44850 (array([5]),)
44900 (array([394]),)
44950 (array([0]),)
45000 (array([4]),)
45050 (array([1]),)
45100 (array([0]),)
45150 (array([3660]),)
45200 (array([3]),)
45250 (array([0]),)
45300 (array([0]),)
45350 (array([0]),)
45400 (array([15]),)
45450 (array([2]),)
45500 (array([1]),)
45550 (array([0]),)
45600 (array([17]),)
45650 (array([1]),)
45700 (array([0]),)
45750 (array([0]),)
45800 (array([4]),)
45850 (array([1]),)
45900 (array([1]),)
45950 (array([8]),)
46000 (array([18]),)
46050 (array([1]),)
46100 (array([1]),)
46150 (array([0]),)
46200 (array([0]),)
46250 (array([0]),)
46300 (array([25]),)
46350 (array([0]),)
46400 (array([46]),)
46450 (array([7]),)
46500 (array([0]),)
46550 (array([2]),)
46600 (array([0]),)
46650 (array([1]),)
46700 (array([39]),)
46750 (array([1]),)
46800 (array([0]),)
46850 (array([0]),)
46900 (array([0]),)
46950 (array([0]),)
47000 (array([0]),)
47050 (array([0]),)
47100 (array([0]),)
47150 (array([6]),)
47200 (array([7]),)
47250 (array([27]),)
47300 (array([2]),)
47350 (array([0]),)
47400 (array([1]),)
47450 (array([0]),)
47500 (array([14]),)
47550 (array([3]),)
47600 (array([2]),)
47650 (array([22]),)
47700 (array([0]),)
47750 (array([0]),)
47800 (array([0]),)
47850 (array([4]),)
47900 (array([0]),)
47950 (array([0]),)
48000 (array([3]),)
48050 (array([0]),)
48100 (array([0]),)
48150 (array([1]),)
48200 (array([0]),)
48250 (array([14]),)
48300 (array([14]),)
48350 (array([0]),)
48400 (array([0]),)
48450 (array([0]),)
48500 (array([68]),)
48550 (array([4]),)
48600 (array([0]),)
48650 (array([60]),)
48700 (array([27]),)
48750 (array([0]),)
48800 (array([1]),)
48850 (array([0]),)
48900 (array([0]),)
48950 (array([0]),)
49000 (array([0]),)
49050 (array([8]),)
49100 (array([1]),)
49150 (array([0]),)
49200 (array([0]),)
49250 (array([6]),)
49300 (array([0]),)
49350 (array([57]),)
49400 (array([95]),)
49450 (array([0]),)
49500 (array([1]),)
49550 (array([5]),)
49600 (array([14]),)
49650 (array([1]),)
49700 (array([1]),)
49750 (array([0]),)
49800 (array([0]),)
49850 (array([19]),)
49900 (array([0]),)
49950 (array([4]),)
50000 (array([88]),)
50050 (array([0]),)
50100 (array([0]),)
50150 (array([1]),)
50200 (array([1]),)
50250 (array([3]),)
50300 (array([8]),)
50350 (array([8]),)
50400 (array([20]),)
50450 (array([0]),)
50500 (array([0]),)
50550 (array([1]),)
50600 (array([9]),)
50650 (array([6]),)
50700 (array([0]),)
50750 (array([0]),)
50800 (array([10]),)
50850 (array([8]),)
50900 (array([14]),)
50950 (array([1]),)
51000 (array([0]),)
51050 (array([0]),)
51100 (array([0]),)
51150 (array([1]),)
51200 (array([6]),)
51250 (array([0]),)
51300 (array([10]),)
51350 (array([0]),)
51400 (array([15]),)
51450 (array([0]),)
51500 (array([0]),)
51550 (array([1]),)
51600 (array([8]),)
51650 (array([20]),)
51700 (array([2]),)
51750 (array([1]),)
51800 (array([0]),)
51850 (array([0]),)
51900 (array([0]),)
51950 (array([0]),)
52000 (array([0]),)
52050 (array([2]),)
52100 (array([2]),)
52150 (array([0]),)
52200 (array([1]),)
52250 (array([0]),)
52300 (array([34]),)
52350 (array([0]),)
52400 (array([1]),)
52450 (array([0]),)
52500 (array([38]),)
52550 (array([5]),)
52600 (array([2]),)
52650 (array([0]),)
52700 (array([11]),)
52750 (array([0]),)
52800 (array([0]),)
52850 (array([0]),)
52900 (array([69]),)
52950 (array([0]),)
53000 (array([2]),)
53050 (array([0]),)
53100 (array([0]),)
53150 (array([84]),)
53200 (array([1]),)
53250 (array([0]),)
53300 (array([0]),)
53350 (array([0]),)
53400 (array([0]),)
53450 (array([5]),)
53500 (array([36]),)
53550 (array([0]),)
53600 (array([0]),)
53650 (array([1]),)
53700 (array([0]),)
53750 (array([0]),)
53800 (array([3]),)
53850 (array([0]),)
53900 (array([0]),)
53950 (array([2]),)
54000 (array([1]),)
54050 (array([0]),)
54100 (array([131]),)
54150 (array([5]),)
54200 (array([4]),)
54250 (array([0]),)
54300 (array([6]),)
54350 (array([2]),)
54400 (array([0]),)
54450 (array([0]),)
54500 (array([0]),)
54550 (array([1]),)
54600 (array([1]),)
54650 (array([1]),)
54700 (array([0]),)
54750 (array([5]),)
54800 (array([2]),)
54850 (array([0]),)
54900 (array([5]),)
54950 (array([3]),)
55000 (array([1]),)
55050 (array([2]),)
55100 (array([0]),)
55150 (array([16]),)
55200 (array([0]),)
55250 (array([0]),)
55300 (array([13]),)
55350 (array([0]),)
55400 (array([1]),)
55450 (array([1]),)
55500 (array([0]),)
55550 (array([39]),)
55600 (array([0]),)
55650 (array([2]),)
55700 (array([0]),)
55750 (array([0]),)
55800 (array([191]),)
55850 (array([0]),)
55900 (array([111]),)
55950 (array([0]),)
56000 (array([13]),)
56050 (array([1]),)
56100 (array([0]),)
56150 (array([2]),)
56200 (array([0]),)
56250 (array([17]),)
56300 (array([1]),)
56350 (array([0]),)
56400 (array([0]),)
56450 (array([0]),)
56500 (array([0]),)
56550 (array([1]),)
56600 (array([0]),)
56650 (array([0]),)
56700 (array([0]),)
56750 (array([0]),)
56800 (array([0]),)
56850 (array([9]),)
56900 (array([0]),)
56950 (array([0]),)
57000 (array([1]),)
57050 (array([0]),)
57100 (array([0]),)
57150 (array([0]),)
57200 (array([19]),)
57250 (array([4]),)
57300 (array([2]),)
57350 (array([0]),)
57400 (array([5]),)
57450 (array([38]),)
57500 (array([0]),)
57550 (array([1]),)
57600 (array([1]),)
57650 (array([0]),)
57700 (array([13]),)
57750 (array([10]),)
57800 (array([0]),)
57850 (array([1]),)
57900 (array([0]),)
57950 (array([0]),)
58000 (array([0]),)
58050 (array([19]),)
58100 (array([0]),)
58150 (array([0]),)
58200 (array([20]),)
58250 (array([0]),)
58300 (array([4]),)
58350 (array([4]),)
58400 (array([0]),)
58450 (array([0]),)
58500 (array([7]),)
58550 (array([25]),)
58600 (array([0]),)
58650 (array([0]),)
58700 (array([0]),)
58750 (array([3]),)
58800 (array([0]),)
58850 (array([1]),)
58900 (array([0]),)
58950 (array([1]),)
59000 (array([2]),)
59050 (array([69]),)
59100 (array([5]),)
59150 (array([0]),)
59200 (array([0]),)
59250 (array([0]),)
59300 (array([0]),)
59350 (array([2]),)
59400 (array([1]),)
59450 (array([0]),)
59500 (array([12]),)
59550 (array([2]),)
59600 (array([3]),)
59650 (array([0]),)
59700 (array([16]),)
59750 (array([0]),)
59800 (array([8]),)
59850 (array([4]),)
59900 (array([0]),)
59950 (array([2]),)
60000 (array([3]),)
60050 (array([4]),)
60100 (array([1]),)
60150 (array([2]),)
60200 (array([0]),)
60250 (array([0]),)
60300 (array([367]),)
60350 (array([7]),)
60400 (array([18]),)
60450 (array([47]),)
60500 (array([12]),)
60550 (array([0]),)
60600 (array([2]),)
60650 (array([3]),)
60700 (array([0]),)
60750 (array([1]),)
60800 (array([0]),)
60850 (array([147]),)
60900 (array([1]),)
60950 (array([0]),)
61000 (array([1]),)
61050 (array([5]),)
61100 (array([18]),)
61150 (array([16]),)
61200 (array([2]),)
61250 (array([1]),)
61300 (array([0]),)
61350 (array([0]),)
61400 (array([2]),)
61450 (array([61]),)
61500 (array([13]),)
61550 (array([59]),)
61600 (array([5]),)
61650 (array([0]),)
61700 (array([1]),)
61750 (array([0]),)
61800 (array([2]),)
61850 (array([0]),)
61900 (array([0]),)
61950 (array([642]),)
62000 (array([0]),)
62050 (array([0]),)
62100 (array([2]),)
62150 (array([0]),)
62200 (array([29]),)
62250 (array([0]),)
62300 (array([37]),)
62350 (array([1]),)
62400 (array([14]),)
62450 (array([24]),)
62500 (array([0]),)
62550 (array([0]),)
62600 (array([5]),)
62650 (array([1]),)
62700 (array([0]),)
62750 (array([1]),)
62800 (array([2]),)
62850 (array([0]),)
62900 (array([2]),)
62950 (array([0]),)
63000 (array([28]),)
63050 (array([4]),)
63100 (array([0]),)
63150 (array([0]),)
63200 (array([0]),)
63250 (array([1]),)
63300 (array([9]),)
63350 (array([2]),)
63400 (array([0]),)
63450 (array([4]),)
63500 (array([0]),)
63550 (array([0]),)
63600 (array([14]),)
63650 (array([7]),)
63700 (array([0]),)
63750 (array([1]),)
63800 (array([15]),)
63850 (array([2]),)
63900 (array([0]),)
63950 (array([14]),)
64000 (array([2]),)
64050 (array([0]),)
64100 (array([0]),)
64150 (array([1]),)
64200 (array([3]),)
64250 (array([0]),)
64300 (array([1]),)
64350 (array([5]),)
64400 (array([25]),)
64450 (array([0]),)
64500 (array([6]),)
64550 (array([6]),)
64600 (array([0]),)
64650 (array([0]),)
64700 (array([2]),)
64750 (array([1]),)
64800 (array([1]),)
64850 (array([14]),)
64900 (array([0]),)
64950 (array([1]),)
65000 (array([1]),)
65050 (array([11]),)
65100 (array([0]),)
65150 (array([0]),)
65200 (array([0]),)
65250 (array([3]),)
65300 (array([0]),)
65350 (array([2]),)
65400 (array([0]),)
65450 (array([0]),)
65500 (array([38]),)
65550 (array([3]),)
65600 (array([0]),)
65650 (array([1]),)
65700 (array([0]),)
65750 (array([0]),)
65800 (array([0]),)
65850 (array([0]),)
65900 (array([0]),)
65950 (array([0]),)
66000 (array([7]),)
66050 (array([2]),)
66100 (array([0]),)
66150 (array([1]),)
66200 (array([1]),)
66250 (array([1]),)
66300 (array([0]),)
66350 (array([1]),)
66400 (array([0]),)
66450 (array([1]),)
66500 (array([0]),)
66550 (array([1]),)
66600 (array([0]),)
66650 (array([0]),)
66700 (array([2]),)
66750 (array([0]),)
66800 (array([2]),)
66850 (array([50]),)
66900 (array([106]),)
66950 (array([0]),)
67000 (array([20]),)
67050 (array([2]),)
67100 (array([1]),)
67150 (array([11]),)
67200 (array([0]),)
67250 (array([2]),)
67300 (array([0]),)
67350 (array([3]),)
67400 (array([4]),)
67450 (array([0]),)
67500 (array([3]),)
67550 (array([1]),)
67600 (array([0]),)
67650 (array([6]),)
67700 (array([2]),)
67750 (array([15]),)
67800 (array([0]),)
67850 (array([25]),)
67900 (array([1]),)
67950 (array([0]),)
68000 (array([64]),)
68050 (array([1]),)
68100 (array([0]),)
68150 (array([0]),)
68200 (array([0]),)
68250 (array([9]),)
68300 (array([0]),)
68350 (array([1]),)
68400 (array([3]),)
68450 (array([0]),)
68500 (array([0]),)
68550 (array([5]),)
68600 (array([3]),)
68650 (array([0]),)
68700 (array([0]),)
68750 (array([0]),)
68800 (array([6]),)
68850 (array([0]),)
68900 (array([4]),)
68950 (array([21]),)
69000 (array([0]),)
69050 (array([2]),)
69100 (array([13]),)
69150 (array([1]),)
69200 (array([0]),)
69250 (array([1]),)
69300 (array([0]),)
69350 (array([1]),)
69400 (array([0]),)
69450 (array([5]),)
69500 (array([3]),)
69550 (array([0]),)
69600 (array([0]),)
69650 (array([7]),)
69700 (array([0]),)
69750 (array([38]),)
69800 (array([0]),)
69850 (array([23]),)
69900 (array([0]),)
69950 (array([0]),)
70000 (array([0]),)
70050 (array([0]),)
70100 (array([44]),)
70150 (array([0]),)
70200 (array([3]),)
70250 (array([1]),)
70300 (array([0]),)
70350 (array([0]),)
70400 (array([0]),)
70450 (array([0]),)
70500 (array([3]),)
70550 (array([30]),)
70600 (array([6]),)
70650 (array([2]),)
70700 (array([1]),)
70750 (array([3]),)
70800 (array([2]),)
70850 (array([0]),)
70900 (array([0]),)
70950 (array([0]),)
71000 (array([1]),)
71050 (array([4]),)
71100 (array([3]),)
71150 (array([0]),)
71200 (array([0]),)
71250 (array([54]),)
71300 (array([0]),)
71350 (array([5]),)
71400 (array([0]),)
71450 (array([5]),)
71500 (array([12]),)
71550 (array([0]),)
71600 (array([0]),)
71650 (array([2]),)
71700 (array([0]),)
71750 (array([0]),)
71800 (array([4]),)
71850 (array([1]),)
71900 (array([5]),)
71950 (array([3]),)
72000 (array([24]),)
72050 (array([1]),)
72100 (array([6]),)
72150 (array([0]),)
72200 (array([6]),)
72250 (array([1]),)
72300 (array([3]),)
72350 (array([1]),)
72400 (array([2]),)
72450 (array([4]),)
72500 (array([6]),)
72550 (array([1]),)
72600 (array([0]),)
72650 (array([11]),)
72700 (array([0]),)
72750 (array([0]),)
72800 (array([0]),)
72850 (array([0]),)
72900 (array([0]),)
72950 (array([0]),)
73000 (array([2]),)
73050 (array([13]),)
73100 (array([0]),)
73150 (array([0]),)
73200 (array([1]),)
73250 (array([1]),)
73300 (array([0]),)
73350 (array([0]),)
73400 (array([0]),)
73450 (array([0]),)
73500 (array([2]),)
73550 (array([1]),)
73600 (array([3]),)
73650 (array([0]),)
73700 (array([0]),)
73750 (array([69]),)
73800 (array([0]),)
73850 (array([0]),)
73900 (array([82]),)
73950 (array([2]),)
74000 (array([12]),)
74050 (array([0]),)
74100 (array([20]),)
74150 (array([0]),)
74200 (array([0]),)
74250 (array([9]),)
74300 (array([6]),)
74350 (array([39]),)
74400 (array([0]),)
74450 (array([20]),)
74500 (array([0]),)
74550 (array([0]),)
74600 (array([0]),)
74650 (array([0]),)
74700 (array([0]),)
74750 (array([0]),)
74800 (array([0]),)
74850 (array([0]),)
74900 (array([3]),)
74950 (array([0]),)
75000 (array([0]),)
75050 (array([12]),)
75100 (array([1]),)
75150 (array([0]),)
75200 (array([0]),)
75250 (array([12]),)
75300 (array([37]),)
75350 (array([0]),)
75400 (array([0]),)
75450 (array([14]),)
75500 (array([0]),)
75550 (array([7]),)
75600 (array([93]),)
75650 (array([0]),)
75700 (array([1]),)
75750 (array([16]),)
75800 (array([0]),)
75850 (array([0]),)
75900 (array([9]),)
75950 (array([13]),)
76000 (array([6]),)
76050 (array([2]),)
76100 (array([1]),)
76150 (array([21]),)
76200 (array([11]),)
76250 (array([1]),)
76300 (array([0]),)
76350 (array([0]),)
76400 (array([36]),)
76450 (array([0]),)
76500 (array([5]),)
76550 (array([79]),)
76600 (array([3]),)
76650 (array([0]),)
76700 (array([0]),)
76750 (array([0]),)
76800 (array([1]),)
76850 (array([3]),)
76900 (array([0]),)
76950 (array([27]),)
77000 (array([0]),)
77050 (array([5]),)
77100 (array([7]),)
77150 (array([0]),)
77200 (array([12]),)
77250 (array([3]),)
77300 (array([1]),)
77350 (array([0]),)
77400 (array([4]),)
77450 (array([0]),)
77500 (array([0]),)
77550 (array([21]),)
77600 (array([9]),)
77650 (array([0]),)
77700 (array([0]),)
77750 (array([0]),)
77800 (array([4]),)
77850 (array([6]),)
77900 (array([0]),)
77950 (array([0]),)
78000 (array([2]),)
78050 (array([0]),)
78100 (array([0]),)
78150 (array([0]),)
78200 (array([17]),)
78250 (array([9]),)
78300 (array([73]),)
78350 (array([4]),)
78400 (array([0]),)
78450 (array([4]),)
78500 (array([3]),)
78550 (array([3]),)
78600 (array([0]),)
78650 (array([3]),)
78700 (array([0]),)
78750 (array([4]),)
78800 (array([2]),)
78850 (array([0]),)
78900 (array([11]),)
78950 (array([8]),)
79000 (array([0]),)
79050 (array([1]),)
79100 (array([20]),)
79150 (array([0]),)
79200 (array([2]),)
79250 (array([0]),)
79300 (array([0]),)
79350 (array([8]),)
79400 (array([5]),)
79450 (array([0]),)
79500 (array([6]),)
79550 (array([8]),)
79600 (array([1]),)
79650 (array([6]),)
79700 (array([0]),)
79750 (array([0]),)
79800 (array([2]),)
79850 (array([2]),)
79900 (array([0]),)
79950 (array([0]),)
80000 (array([0]),)
80050 (array([4]),)
80100 (array([1]),)
80150 (array([2]),)
80200 (array([0]),)
80250 (array([0]),)
80300 (array([0]),)
80350 (array([0]),)
80400 (array([54]),)
80450 (array([0]),)
80500 (array([2]),)
80550 (array([0]),)
80600 (array([0]),)
80650 (array([1]),)
80700 (array([0]),)
80750 (array([2]),)
80800 (array([7]),)
80850 (array([33]),)
80900 (array([0]),)
80950 (array([37]),)
81000 (array([0]),)
81050 (array([0]),)
81100 (array([0]),)
81150 (array([0]),)
81200 (array([0]),)
81250 (array([7]),)
81300 (array([5]),)
81350 (array([1]),)
81400 (array([0]),)
81450 (array([0]),)
81500 (array([3]),)
81550 (array([0]),)
81600 (array([466]),)
81650 (array([0]),)
81700 (array([0]),)
81750 (array([0]),)
81800 (array([2]),)
81850 (array([0]),)
81900 (array([21]),)
81950 (array([46]),)
82000 (array([3]),)
82050 (array([0]),)
82100 (array([22]),)
82150 (array([2]),)
82200 (array([2]),)
82250 (array([5]),)
82300 (array([1]),)
82350 (array([30]),)
82400 (array([0]),)
82450 (array([2]),)
82500 (array([0]),)
82550 (array([1]),)
82600 (array([1]),)
82650 (array([11]),)
82700 (array([4]),)
82750 (array([0]),)
82800 (array([0]),)
82850 (array([0]),)
82900 (array([0]),)
82950 (array([4]),)
83000 (array([0]),)
83050 (array([0]),)
83100 (array([0]),)
83150 (array([105]),)
83200 (array([3]),)
83250 (array([1]),)
83300 (array([26]),)
83350 (array([0]),)
83400 (array([1]),)
83450 (array([50]),)
83500 (array([89]),)
83550 (array([0]),)
83600 (array([4]),)
83650 (array([147]),)
83700 (array([3]),)
83750 (array([1]),)
83800 (array([0]),)
83850 (array([1]),)
83900 (array([6]),)
83950 (array([0]),)
84000 (array([1]),)
84050 (array([5]),)
84100 (array([133]),)
84150 (array([9]),)
84200 (array([0]),)
84250 (array([0]),)
84300 (array([0]),)
84350 (array([0]),)
84400 (array([0]),)
84450 (array([0]),)
84500 (array([8]),)
84550 (array([7]),)
84600 (array([0]),)
84650 (array([0]),)
84700 (array([0]),)
84750 (array([0]),)
84800 (array([2]),)
84850 (array([0]),)
84900 (array([2]),)
84950 (array([0]),)
85000 (array([10]),)
85050 (array([15]),)
85100 (array([0]),)
85150 (array([0]),)
85200 (array([0]),)
85250 (array([0]),)
85300 (array([25]),)
85350 (array([0]),)
85400 (array([2]),)
85450 (array([0]),)
85500 (array([4]),)
85550 (array([1]),)
85600 (array([60]),)
85650 (array([0]),)
85700 (array([12]),)
85750 (array([0]),)
85800 (array([0]),)
85850 (array([0]),)
85900 (array([57]),)
85950 (array([0]),)
86000 (array([1]),)
86050 (array([0]),)
86100 (array([0]),)
86150 (array([0]),)
86200 (array([2]),)
86250 (array([41]),)
86300 (array([5]),)
86350 (array([3]),)
86400 (array([0]),)
86450 (array([0]),)
86500 (array([1]),)
86550 (array([0]),)
86600 (array([0]),)
86650 (array([13]),)
86700 (array([2]),)
86750 (array([0]),)
86800 (array([1]),)
86850 (array([0]),)
86900 (array([22]),)
86950 (array([7]),)
87000 (array([7]),)
87050 (array([0]),)
87100 (array([0]),)
87150 (array([9]),)
87200 (array([0]),)
87250 (array([14]),)
87300 (array([0]),)
87350 (array([0]),)
87400 (array([0]),)
87450 (array([0]),)
87500 (array([0]),)
87550 (array([0]),)
87600 (array([0]),)
87650 (array([1]),)
87700 (array([1]),)
87750 (array([0]),)
87800 (array([3]),)
87850 (array([9]),)
87900 (array([3]),)
87950 (array([455]),)
88000 (array([2]),)
88050 (array([1]),)
88100 (array([0]),)
88150 (array([13]),)
88200 (array([8]),)
88250 (array([0]),)
88300 (array([2]),)
88350 (array([0]),)
88400 (array([0]),)
88450 (array([1]),)
88500 (array([0]),)
88550 (array([0]),)
88600 (array([1]),)
88650 (array([1]),)
88700 (array([2]),)
88750 (array([0]),)
88800 (array([0]),)
88850 (array([0]),)
88900 (array([2]),)
88950 (array([0]),)
89000 (array([12]),)
89050 (array([0]),)
89100 (array([1]),)
89150 (array([3]),)
89200 (array([0]),)
89250 (array([155]),)
89300 (array([2]),)
89350 (array([1]),)
89400 (array([0]),)
89450 (array([0]),)
89500 (array([0]),)
89550 (array([0]),)
89600 (array([0]),)
89650 (array([8]),)
89700 (array([0]),)
89750 (array([0]),)
89800 (array([2]),)
89850 (array([0]),)
89900 (array([0]),)
89950 (array([1]),)
90000 (array([75]),)
90050 (array([0]),)
90100 (array([84]),)
90150 (array([0]),)
90200 (array([18]),)
90250 (array([7]),)
90300 (array([2]),)
90350 (array([4]),)
90400 (array([0]),)
90450 (array([2]),)
90500 (array([0]),)
90550 (array([11]),)
90600 (array([1]),)
90650 (array([0]),)
90700 (array([1]),)
90750 (array([0]),)
90800 (array([0]),)
90850 (array([8]),)
90900 (array([4]),)
90950 (array([0]),)
91000 (array([0]),)
91050 (array([0]),)
91100 (array([0]),)
91150 (array([0]),)
91200 (array([4]),)
91250 (array([0]),)
91300 (array([19]),)
91350 (array([1]),)
91400 (array([4]),)
91450 (array([0]),)
91500 (array([13]),)
91550 (array([1]),)
91600 (array([0]),)
91650 (array([1]),)
91700 (array([4]),)
91750 (array([6]),)
91800 (array([0]),)
91850 (array([4]),)
91900 (array([9]),)
91950 (array([0]),)
92000 (array([1]),)
92050 (array([0]),)
92100 (array([3]),)
92150 (array([0]),)
92200 (array([0]),)
92250 (array([27]),)
92300 (array([0]),)
92350 (array([7]),)
92400 (array([0]),)
92450 (array([0]),)
92500 (array([3]),)
92550 (array([1]),)
92600 (array([3]),)
92650 (array([1]),)
92700 (array([0]),)
92750 (array([0]),)
92800 (array([1]),)
92850 (array([0]),)
92900 (array([9]),)
92950 (array([1]),)
93000 (array([0]),)
93050 (array([2]),)
93100 (array([5]),)
93150 (array([0]),)
93200 (array([0]),)
93250 (array([0]),)
93300 (array([2]),)
93350 (array([0]),)
93400 (array([2]),)
93450 (array([8]),)
93500 (array([2]),)
93550 (array([5]),)
93600 (array([1]),)
93650 (array([1]),)
93700 (array([1]),)
93750 (array([0]),)
93800 (array([0]),)
93850 (array([3]),)
93900 (array([0]),)
93950 (array([0]),)
94000 (array([0]),)
94050 (array([0]),)
94100 (array([10]),)
94150 (array([1]),)
94200 (array([0]),)
94250 (array([3]),)
94300 (array([12]),)
94350 (array([2]),)
94400 (array([1]),)
94450 (array([0]),)
94500 (array([20]),)
94550 (array([14]),)
94600 (array([4]),)
94650 (array([0]),)
94700 (array([0]),)
94750 (array([0]),)
94800 (array([1]),)
94850 (array([0]),)
94900 (array([0]),)
94950 (array([4]),)
95000 (array([1]),)
95050 (array([0]),)
95100 (array([0]),)
95150 (array([0]),)
95200 (array([9]),)
95250 (array([0]),)
95300 (array([2]),)
95350 (array([0]),)
95400 (array([2]),)
95450 (array([7]),)
95500 (array([0]),)
95550 (array([0]),)
95600 (array([2]),)
95650 (array([20]),)
95700 (array([1]),)
95750 (array([3]),)
95800 (array([0]),)
95850 (array([0]),)
95900 (array([31]),)
95950 (array([6]),)
96000 (array([0]),)
96050 (array([0]),)
96100 (array([0]),)
96150 (array([1]),)
96200 (array([4]),)
96250 (array([0]),)
96300 (array([1]),)
96350 (array([2]),)
96400 (array([8]),)
96450 (array([0]),)
96500 (array([1]),)
96550 (array([1]),)
96600 (array([0]),)
96650 (array([3]),)
96700 (array([0]),)
96750 (array([1]),)
96800 (array([2]),)
96850 (array([0]),)
96900 (array([5]),)
96950 (array([0]),)
97000 (array([0]),)
97050 (array([0]),)
97100 (array([2]),)
97150 (array([0]),)
97200 (array([0]),)
97250 (array([1]),)
97300 (array([27]),)
97350 (array([1]),)
97400 (array([0]),)
97450 (array([0]),)
97500 (array([8]),)
97550 (array([0]),)
97600 (array([53]),)
97650 (array([0]),)
97700 (array([6]),)
97750 (array([0]),)
97800 (array([16]),)
97850 (array([3]),)
97900 (array([10]),)
97950 (array([1]),)
98000 (array([0]),)
98050 (array([0]),)
98100 (array([1]),)
98150 (array([4]),)
98200 (array([0]),)
98250 (array([2]),)
98300 (array([0]),)
98350 (array([0]),)
98400 (array([3]),)
98450 (array([0]),)
98500 (array([0]),)
98550 (array([0]),)
98600 (array([1]),)
98650 (array([0]),)
98700 (array([0]),)
98750 (array([2]),)
98800 (array([0]),)
98850 (array([0]),)
98900 (array([0]),)
98950 (array([0]),)
99000 (array([0]),)
99050 (array([26]),)
99100 (array([0]),)
99150 (array([1]),)
99200 (array([3]),)
99250 (array([15]),)
99300 (array([2]),)
99350 (array([0]),)
99400 (array([3]),)
99450 (array([0]),)
99500 (array([0]),)
99550 (array([0]),)
99600 (array([5]),)
99650 (array([3]),)
99700 (array([0]),)
99750 (array([11]),)
99800 (array([8]),)
99850 (array([0]),)
99900 (array([0]),)
99950 (array([0]),)
100000 (array([0]),)
100050 (array([6]),)
100100 (array([0]),)
100150 (array([0]),)
100200 (array([1]),)
100250 (array([69]),)
100300 (array([0]),)
100350 (array([0]),)
100400 (array([7]),)
100450 (array([3]),)
100500 (array([4]),)
100550 (array([24]),)
100600 (array([1]),)
100650 (array([8]),)
100700 (array([3]),)
100750 (array([0]),)
100800 (array([18]),)
100850 (array([94]),)
100900 (array([2]),)
100950 (array([4]),)
101000 (array([0]),)
101050 (array([16]),)
101100 (array([1]),)
101150 (array([1]),)
101200 (array([0]),)
101250 (array([0]),)
101300 (array([0]),)
101350 (array([2]),)
101400 (array([0]),)
101450 (array([2]),)
101500 (array([1]),)
101550 (array([1]),)
101600 (array([0]),)
101650 (array([4]),)
101700 (array([336]),)
101750 (array([1]),)
101800 (array([18]),)
101850 (array([3]),)
101900 (array([8]),)
101950 (array([1]),)
102000 (array([0]),)
102050 (array([9]),)
102100 (array([1]),)
102150 (array([0]),)
102200 (array([0]),)
102250 (array([118]),)
102300 (array([0]),)
102350 (array([0]),)
102400 (array([4]),)
102450 (array([51]),)
102500 (array([0]),)
102550 (array([0]),)
102600 (array([0]),)
102650 (array([0]),)
102700 (array([4]),)
102750 (array([0]),)
102800 (array([2]),)
102850 (array([7]),)
102900 (array([80]),)
102950 (array([1]),)
103000 (array([0]),)
103050 (array([0]),)
103100 (array([642]),)
103150 (array([0]),)
103200 (array([0]),)
103250 (array([1]),)
103300 (array([6]),)
103350 (array([0]),)
103400 (array([47]),)
103450 (array([0]),)
103500 (array([1]),)
103550 (array([0]),)
103600 (array([2]),)
103650 (array([0]),)
103700 (array([5]),)
103750 (array([3]),)
103800 (array([14]),)
103850 (array([31]),)
103900 (array([3]),)
103950 (array([0]),)
104000 (array([2]),)
104050 (array([0]),)
104100 (array([0]),)
104150 (array([0]),)
104200 (array([0]),)
104250 (array([1]),)
104300 (array([0]),)
104350 (array([0]),)
104400 (array([1]),)
104450 (array([0]),)
104500 (array([221]),)
104550 (array([0]),)
104600 (array([7]),)
104650 (array([1]),)
104700 (array([0]),)
104750 (array([1]),)
104800 (array([0]),)
104850 (array([1]),)
104900 (array([12]),)
104950 (array([0]),)
105000 (array([1]),)
105050 (array([2]),)
105100 (array([3]),)
105150 (array([1]),)
105200 (array([0]),)
105250 (array([5]),)
105300 (array([1]),)
105350 (array([479]),)
105400 (array([1]),)
105450 (array([0]),)
105500 (array([0]),)
105550 (array([2]),)
105600 (array([0]),)
105650 (array([0]),)
105700 (array([209]),)
105750 (array([16]),)
105800 (array([0]),)
105850 (array([11]),)
105900 (array([0]),)
105950 (array([43]),)
106000 (array([17]),)
106050 (array([0]),)
106100 (array([3]),)
106150 (array([4]),)
106200 (array([1]),)
106250 (array([85]),)
106300 (array([0]),)
106350 (array([2]),)
106400 (array([6]),)
106450 (array([0]),)
106500 (array([0]),)
106550 (array([0]),)
106600 (array([33]),)
106650 (array([9]),)
106700 (array([0]),)
106750 (array([0]),)
106800 (array([0]),)
106850 (array([5]),)
106900 (array([5]),)
106950 (array([4]),)
107000 (array([1]),)
107050 (array([1]),)
107100 (array([4]),)
107150 (array([6]),)
107200 (array([24]),)
107250 (array([3]),)
107300 (array([1753]),)
107350 (array([0]),)
107400 (array([0]),)
107450 (array([3]),)
107500 (array([0]),)
107550 (array([14]),)
107600 (array([66]),)
107650 (array([0]),)
107700 (array([0]),)
107750 (array([3]),)
107800 (array([111]),)
107850 (array([6]),)
107900 (array([15]),)
107950 (array([0]),)
108000 (array([1]),)
108050 (array([0]),)
108100 (array([0]),)
108150 (array([0]),)
108200 (array([0]),)
108250 (array([1]),)
108300 (array([9]),)
108350 (array([0]),)
108400 (array([2]),)
108450 (array([1]),)
108500 (array([73]),)
108550 (array([13]),)
108600 (array([205]),)
108650 (array([38]),)
108700 (array([0]),)
108750 (array([1]),)
108800 (array([0]),)
108850 (array([142]),)
108900 (array([218]),)
108950 (array([4]),)
109000 (array([233]),)
109050 (array([37]),)
109100 (array([2]),)
109150 (array([0]),)
109200 (array([5]),)
109250 (array([14]),)
109300 (array([109]),)
109350 (array([0]),)
109400 (array([0]),)
109450 (array([0]),)
109500 (array([1]),)
109550 (array([61]),)
109600 (array([0]),)
109650 (array([29]),)
109700 (array([7]),)
109750 (array([0]),)
109800 (array([0]),)
109850 (array([0]),)
109900 (array([0]),)
109950 (array([0]),)
110000 (array([0]),)
110050 (array([0]),)
110100 (array([42]),)
110150 (array([2]),)
110200 (array([2]),)
110250 (array([0]),)
110300 (array([6]),)
110350 (array([0]),)
110400 (array([0]),)
110450 (array([10]),)
110500 (array([3]),)
110550 (array([7]),)
110600 (array([17]),)
110650 (array([0]),)
110700 (array([25]),)
110750 (array([0]),)
110800 (array([0]),)
110850 (array([30]),)
110900 (array([1]),)
110950 (array([1]),)
111000 (array([0]),)
111050 (array([0]),)
111100 (array([1]),)
111150 (array([1]),)
111200 (array([6]),)
111250 (array([3]),)
111300 (array([10]),)
111350 (array([0]),)
111400 (array([0]),)
111450 (array([0]),)
111500 (array([0]),)
111550 (array([0]),)
111600 (array([0]),)
111650 (array([5]),)
111700 (array([3]),)
111750 (array([0]),)
111800 (array([0]),)
111850 (array([13]),)
111900 (array([19]),)
111950 (array([0]),)
112000 (array([0]),)
112050 (array([1]),)
112100 (array([0]),)
112150 (array([2]),)
112200 (array([0]),)
112250 (array([13]),)
112300 (array([0]),)
112350 (array([9]),)
112400 (array([0]),)
112450 (array([13]),)
112500 (array([10]),)
112550 (array([7]),)
112600 (array([0]),)
112650 (array([257]),)
112700 (array([0]),)
112750 (array([2]),)
112800 (array([0]),)
112850 (array([0]),)
112900 (array([0]),)
112950 (array([5]),)
113000 (array([11]),)
113050 (array([0]),)
113100 (array([10]),)
113150 (array([0]),)
113200 (array([1]),)
113250 (array([0]),)
113300 (array([0]),)
113350 (array([0]),)
113400 (array([5]),)
113450 (array([17]),)
113500 (array([5]),)
113550 (array([1]),)
113600 (array([3]),)
113650 (array([0]),)
113700 (array([0]),)
113750 (array([11]),)
113800 (array([2]),)
113850 (array([0]),)
113900 (array([13]),)
113950 (array([3]),)
114000 (array([0]),)
114050 (array([3]),)
114100 (array([45]),)
114150 (array([18]),)
114200 (array([4]),)
114250 (array([4]),)
114300 (array([0]),)
114350 (array([0]),)
114400 (array([10]),)
114450 (array([0]),)
114500 (array([2]),)
114550 (array([3]),)
114600 (array([0]),)
114650 (array([0]),)
114700 (array([0]),)
114750 (array([0]),)
114800 (array([1]),)
114850 (array([0]),)
114900 (array([0]),)
114950 (array([24]),)
115000 (array([10]),)
115050 (array([0]),)
115100 (array([0]),)
115150 (array([13]),)
115200 (array([0]),)
115250 (array([7]),)
115300 (array([2]),)
115350 (array([1]),)
115400 (array([15]),)
115450 (array([0]),)
115500 (array([0]),)
115550 (array([7]),)
115600 (array([44]),)
115650 (array([2]),)
115700 (array([0]),)
115750 (array([2]),)
115800 (array([0]),)
115850 (array([0]),)
115900 (array([0]),)
115950 (array([149]),)
116000 (array([0]),)
116050 (array([0]),)
116100 (array([0]),)
116150 (array([1]),)
116200 (array([4]),)
116250 (array([0]),)
116300 (array([0]),)
116350 (array([1]),)
116400 (array([1]),)
116450 (array([0]),)
116500 (array([0]),)
116550 (array([2]),)
116600 (array([2]),)
116650 (array([19]),)
116700 (array([1]),)
116750 (array([7]),)
116800 (array([10]),)
116850 (array([0]),)
116900 (array([0]),)
116950 (array([0]),)
117000 (array([11]),)
117050 (array([41]),)
117100 (array([0]),)
117150 (array([0]),)
117200 (array([0]),)
117250 (array([2]),)
117300 (array([56]),)
117350 (array([5]),)
117400 (array([130]),)
117450 (array([22]),)
117500 (array([1]),)
117550 (array([9]),)
117600 (array([0]),)
117650 (array([12]),)
117700 (array([1]),)
117750 (array([0]),)
117800 (array([2]),)
117850 (array([1]),)
117900 (array([1]),)
117950 (array([0]),)
118000 (array([0]),)
118050 (array([17]),)
118100 (array([6]),)
118150 (array([0]),)
118200 (array([9]),)
118250 (array([0]),)
118300 (array([1]),)
118350 (array([27]),)
118400 (array([24]),)
118450 (array([5]),)
118500 (array([0]),)
118550 (array([9]),)
118600 (array([15]),)
118650 (array([2]),)
118700 (array([6]),)
118750 (array([1]),)
118800 (array([0]),)
118850 (array([3]),)
118900 (array([1]),)
118950 (array([0]),)
119000 (array([0]),)
119050 (array([1]),)
119100 (array([2]),)
119150 (array([0]),)
119200 (array([0]),)
119250 (array([2]),)
119300 (array([0]),)
119350 (array([4]),)
119400 (array([0]),)
119450 (array([2]),)
119500 (array([0]),)
119550 (array([2]),)
119600 (array([1]),)
119650 (array([0]),)
119700 (array([0]),)
119750 (array([12]),)
119800 (array([4]),)
119850 (array([0]),)
119900 (array([1]),)
119950 (array([0]),)
120000 (array([0]),)
120050 (array([74]),)
120100 (array([0]),)
120150 (array([0]),)
120200 (array([2]),)
120250 (array([2]),)
120300 (array([1]),)
120350 (array([0]),)
120400 (array([1]),)
120450 (array([0]),)
120500 (array([3]),)
120550 (array([17]),)
120600 (array([2]),)
120650 (array([0]),)
120700 (array([0]),)
120750 (array([0]),)
120800 (array([1]),)
120850 (array([0]),)
120900 (array([6]),)
120950 (array([0]),)
121000 (array([15]),)
121050 (array([0]),)
121100 (array([0]),)
121150 (array([0]),)
121200 (array([0]),)
121250 (array([3]),)
121300 (array([0]),)
121350 (array([27]),)
121400 (array([0]),)
121450 (array([6]),)
121500 (array([24]),)
121550 (array([0]),)
121600 (array([19]),)
121650 (array([6]),)
121700 (array([0]),)
121750 (array([34]),)
121800 (array([4]),)
121850 (array([0]),)
121900 (array([2]),)
121950 (array([0]),)
122000 (array([1]),)
122050 (array([0]),)
122100 (array([5]),)
122150 (array([0]),)
122200 (array([0]),)
122250 (array([0]),)
122300 (array([2]),)
122350 (array([2]),)
122400 (array([0]),)
122450 (array([0]),)
122500 (array([0]),)
122550 (array([0]),)
122600 (array([3]),)
122650 (array([0]),)
122700 (array([0]),)
122750 (array([0]),)
122800 (array([13]),)
122850 (array([1]),)
122900 (array([0]),)
122950 (array([0]),)
123000 (array([6]),)
123050 (array([0]),)
123100 (array([1]),)
123150 (array([1]),)
123200 (array([2]),)
123250 (array([274]),)
123300 (array([1]),)
123350 (array([0]),)
123400 (array([4]),)
123450 (array([0]),)
123500 (array([10]),)
123550 (array([0]),)
123600 (array([10]),)
123650 (array([68]),)
123700 (array([0]),)
123750 (array([0]),)
123800 (array([0]),)
123850 (array([0]),)
123900 (array([0]),)
123950 (array([346]),)
124000 (array([0]),)
124050 (array([0]),)
124100 (array([0]),)
124150 (array([0]),)
124200 (array([0]),)
124250 (array([4]),)
124300 (array([6]),)
124350 (array([102]),)
124400 (array([9]),)
124450 (array([0]),)
124500 (array([0]),)
124550 (array([0]),)
124600 (array([11]),)
124650 (array([0]),)
124700 (array([0]),)
124750 (array([0]),)
124800 (array([0]),)
124850 (array([0]),)
124900 (array([0]),)
124950 (array([2]),)
125000 (array([1]),)
125050 (array([0]),)
125100 (array([3]),)
125150 (array([1]),)
125200 (array([6]),)
125250 (array([0]),)
125300 (array([1]),)
125350 (array([0]),)
125400 (array([3]),)
125450 (array([27]),)
125500 (array([0]),)
125550 (array([0]),)
125600 (array([0]),)
125650 (array([2]),)
125700 (array([0]),)
125750 (array([1]),)
125800 (array([71]),)
125850 (array([24]),)
125900 (array([2]),)
125950 (array([13]),)
126000 (array([3]),)
126050 (array([6]),)
126100 (array([1]),)
126150 (array([26]),)
126200 (array([0]),)
126250 (array([0]),)
126300 (array([0]),)
126350 (array([1]),)
126400 (array([0]),)
126450 (array([4]),)
126500 (array([8]),)
126550 (array([0]),)
126600 (array([6]),)
126650 (array([1]),)
126700 (array([1]),)
126750 (array([2]),)
126800 (array([0]),)
126850 (array([0]),)
126900 (array([0]),)
126950 (array([2]),)
127000 (array([2]),)
127050 (array([130]),)
127100 (array([19]),)
127150 (array([2]),)
127200 (array([0]),)
127250 (array([0]),)
127300 (array([7]),)
127350 (array([0]),)
127400 (array([0]),)
127450 (array([0]),)
127500 (array([0]),)
127550 (array([68]),)
127600 (array([6]),)
127650 (array([0]),)
127700 (array([0]),)
127750 (array([1]),)
127800 (array([1]),)
127850 (array([0]),)
127900 (array([45]),)
127950 (array([0]),)
128000 (array([0]),)
128050 (array([0]),)
128100 (array([0]),)
128150 (array([0]),)
128200 (array([4]),)
128250 (array([1]),)
128300 (array([2]),)
128350 (array([4]),)
128400 (array([0]),)
128450 (array([87]),)
128500 (array([0]),)
128550 (array([26]),)
128600 (array([8]),)
128650 (array([15]),)
128700 (array([0]),)
128750 (array([0]),)
128800 (array([0]),)
128850 (array([0]),)
128900 (array([7]),)
128950 (array([2]),)
129000 (array([0]),)
129050 (array([0]),)
129100 (array([7]),)
129150 (array([9]),)
129200 (array([4]),)
129250 (array([0]),)
129300 (array([2]),)
129350 (array([0]),)
129400 (array([0]),)
129450 (array([0]),)
129500 (array([0]),)
129550 (array([0]),)
129600 (array([0]),)
129650 (array([5]),)
129700 (array([0]),)
129750 (array([0]),)
129800 (array([2]),)
129850 (array([8]),)
129900 (array([0]),)
129950 (array([0]),)
130000 (array([5]),)
130050 (array([3]),)
130100 (array([0]),)
130150 (array([0]),)
130200 (array([65]),)
130250 (array([0]),)
130300 (array([0]),)
130350 (array([24]),)
130400 (array([0]),)
130450 (array([0]),)
130500 (array([0]),)
130550 (array([0]),)
130600 (array([11]),)
130650 (array([6]),)
130700 (array([5]),)
130750 (array([1]),)
130800 (array([4]),)
130850 (array([2]),)
130900 (array([9]),)
130950 (array([1]),)
131000 (array([5]),)
131050 (array([0]),)
131100 (array([11]),)
131150 (array([0]),)
131200 (array([0]),)
131250 (array([0]),)
131300 (array([0]),)
131350 (array([2]),)
131400 (array([4]),)
131450 (array([0]),)
131500 (array([7]),)
131550 (array([1]),)
131600 (array([4]),)
131650 (array([0]),)
131700 (array([80]),)
131750 (array([1]),)
131800 (array([27]),)
131850 (array([6]),)
131900 (array([6]),)
131950 (array([96]),)
132000 (array([12]),)
132050 (array([0]),)
132100 (array([3]),)
132150 (array([12]),)
132200 (array([2]),)
132250 (array([0]),)
132300 (array([6]),)
132350 (array([0]),)
132400 (array([0]),)
132450 (array([0]),)
132500 (array([11]),)
132550 (array([1]),)
132600 (array([6]),)
132650 (array([0]),)
132700 (array([1]),)
132750 (array([0]),)
132800 (array([1]),)
132850 (array([7]),)
132900 (array([0]),)
132950 (array([0]),)
133000 (array([59]),)
133050 (array([0]),)
133100 (array([0]),)
133150 (array([1]),)
133200 (array([0]),)
133250 (array([0]),)
133300 (array([2]),)
133350 (array([2]),)
133400 (array([21]),)
133450 (array([8]),)
133500 (array([0]),)
133550 (array([0]),)
133600 (array([1]),)
133650 (array([1]),)
133700 (array([5]),)
133750 (array([0]),)
133800 (array([0]),)
133850 (array([0]),)
133900 (array([0]),)
133950 (array([0]),)
134000 (array([5]),)
134050 (array([27]),)
134100 (array([0]),)
134150 (array([0]),)
134200 (array([4]),)
134250 (array([7]),)
134300 (array([1]),)
134350 (array([0]),)
134400 (array([0]),)
134450 (array([6]),)
134500 (array([2]),)
134550 (array([1]),)
134600 (array([4]),)
134650 (array([0]),)
134700 (array([0]),)
134750 (array([2]),)
134800 (array([3]),)
134850 (array([0]),)
134900 (array([1]),)
134950 (array([1]),)
135000 (array([2]),)
135050 (array([1]),)
135100 (array([4]),)
135150 (array([0]),)
135200 (array([0]),)
135250 (array([0]),)
135300 (array([0]),)
135350 (array([0]),)
135400 (array([0]),)
135450 (array([0]),)
135500 (array([0]),)
135550 (array([0]),)
135600 (array([19]),)
135650 (array([0]),)
135700 (array([4]),)
135750 (array([2]),)
135800 (array([0]),)
135850 (array([18]),)
135900 (array([8]),)
135950 (array([22]),)
136000 (array([2]),)
136050 (array([0]),)
136100 (array([0]),)
136150 (array([0]),)
136200 (array([26]),)
136250 (array([10]),)
136300 (array([0]),)
136350 (array([1]),)
136400 (array([9]),)
136450 (array([4]),)
136500 (array([0]),)
136550 (array([0]),)
136600 (array([0]),)
136650 (array([1]),)
136700 (array([0]),)
136750 (array([4]),)
136800 (array([14]),)
136850 (array([0]),)
136900 (array([0]),)
136950 (array([0]),)
137000 (array([0]),)
137050 (array([32]),)
137100 (array([34]),)
137150 (array([3]),)
137200 (array([0]),)
137250 (array([0]),)
137300 (array([21]),)
137350 (array([0]),)
137400 (array([0]),)
137450 (array([3]),)
137500 (array([2]),)
137550 (array([0]),)
137600 (array([5]),)
137650 (array([8]),)
137700 (array([10]),)
137750 (array([0]),)
137800 (array([12]),)
137850 (array([17]),)
137900 (array([0]),)
137950 (array([2]),)
138000 (array([3]),)
138050 (array([54]),)
138100 (array([0]),)
138150 (array([0]),)
138200 (array([0]),)
138250 (array([15]),)
138300 (array([126]),)
138350 (array([0]),)
138400 (array([7]),)
138450 (array([19]),)
138500 (array([0]),)
138550 (array([4]),)
138600 (array([82]),)
138650 (array([1]),)
138700 (array([11]),)
138750 (array([4]),)
138800 (array([0]),)
138850 (array([1]),)
138900 (array([2]),)
138950 (array([0]),)
139000 (array([51]),)
139050 (array([1]),)
139100 (array([20]),)
139150 (array([3]),)
139200 (array([0]),)
139250 (array([0]),)
139300 (array([0]),)
139350 (array([0]),)
139400 (array([176]),)
139450 (array([3]),)
139500 (array([2]),)
139550 (array([1]),)
139600 (array([0]),)
139650 (array([15]),)
139700 (array([0]),)
139750 (array([8]),)
139800 (array([0]),)
139850 (array([2]),)
139900 (array([0]),)
139950 (array([0]),)
140000 (array([9]),)
140050 (array([0]),)
140100 (array([2]),)
140150 (array([0]),)
140200 (array([4]),)
140250 (array([0]),)
140300 (array([14]),)
140350 (array([0]),)
140400 (array([3]),)
140450 (array([1]),)
140500 (array([8]),)
140550 (array([0]),)
140600 (array([1]),)
140650 (array([0]),)
140700 (array([11]),)
140750 (array([8]),)
140800 (array([8]),)
140850 (array([6]),)
140900 (array([0]),)
140950 (array([0]),)
141000 (array([0]),)
141050 (array([1]),)
141100 (array([0]),)
141150 (array([0]),)
141200 (array([4]),)
141250 (array([1]),)
141300 (array([22]),)
141350 (array([0]),)
141400 (array([0]),)
141450 (array([15]),)
141500 (array([0]),)
141550 (array([1]),)
141600 (array([5]),)
141650 (array([5]),)
141700 (array([0]),)
141750 (array([3]),)
141800 (array([6]),)
141850 (array([3]),)
141900 (array([18]),)
141950 (array([1]),)
142000 (array([1]),)
142050 (array([1]),)
142100 (array([1]),)
142150 (array([251]),)
142200 (array([1]),)
142250 (array([8]),)
142300 (array([13]),)
142350 (array([0]),)
142400 (array([9]),)
142450 (array([5]),)
142500 (array([3]),)
142550 (array([1]),)
142600 (array([1]),)
142650 (array([2]),)
142700 (array([38]),)
142750 (array([6]),)
142800 (array([1]),)
142850 (array([0]),)
142900 (array([1]),)
142950 (array([0]),)
143000 (array([0]),)
143050 (array([29]),)
143100 (array([1]),)
143150 (array([1]),)
143200 (array([9]),)
143250 (array([0]),)
143300 (array([22]),)
143350 (array([0]),)
143400 (array([0]),)
143450 (array([22]),)
143500 (array([1]),)
143550 (array([21]),)
143600 (array([1]),)
143650 (array([47]),)
143700 (array([3]),)
143750 (array([0]),)
143800 (array([4]),)
143850 (array([27]),)
143900 (array([3]),)
143950 (array([4]),)
144000 (array([29]),)
144050 (array([16]),)
144100 (array([0]),)
144150 (array([2]),)
144200 (array([0]),)
144250 (array([0]),)
144300 (array([3]),)
144350 (array([1]),)
144400 (array([5]),)
144450 (array([0]),)
144500 (array([0]),)
144550 (array([1]),)
144600 (array([0]),)
144650 (array([6]),)
144700 (array([2]),)
144750 (array([0]),)
144800 (array([3]),)
144850 (array([0]),)
144900 (array([0]),)
144950 (array([6]),)
[19084 17984  8608 17506 25536   970  5622  5661  4380   142 18545  7343
  1293  5611  5934 23905 20090 23104 13672 10951  6932  5072 12887 18582
 27169 14206  9796 20764 10097 18482 17434  3356  9302 14135 11966 25518
 19293  1747 19123  6135 27371 27103   404 10611  2016  5721 11904  9681
  7323  3840 23732  7327  2199 28964 20814  4402 12406   591 15802  8806
  7372 15740 16093 16889 20484 21553 13467 20565  6420 25335 23611 28014
 13704 13569 10270  9595 18382 16409 18339 20641 25241 24630 24399  9918
 28818 13184  6890  6767 22546 18997 15999 11607  2210 19569 22331 13039
 18646 28888 18784  6511  8799  6397   583  5553 25162 24800  6447  2223
 27739  3596 15768 11758  9607 15272 22247  1692   237 14873 16675 27705
 26340  7847  5538 27008 19643  1363 13807 13203  8982 28114  2753 11566
  8142  8377 17925 14136 14799   760 13302 10328 16408   787 17662 19807
 11882 27647 25460  1438  9103  9275 19022  6057 28262 14288  8185   993
  7267  5809 25099  6623 13493 22063 12217  2180 14133 22999  1423 28572
 13422 16742 11519  6769 27391 17073 24708  4677 11201 25383 25956 28789
 22766 12202  7445  2540  9368  9744   120 27475 15814 10079  8418  6753
 18352   773 28884 28035  9838 14302 21425  5714  1739 19831  3053 28022
 17182  8636 25297 13252  8403  8075 17650  9463 13772 14846  9258 13674
  3263 24353 17979 22514   265  7916 14030 11318 10506   482 13937  4959
  1545 23260 15124 16480  3590  7293  5589  7880 22131  8827 26330  4798
  6231 14723  3085 13709 27294  9476  4929 13482 14996 10243 19229 22589
   467  7557 18525  2516 17999 14746  8497 15077 12721 18467 26695 17771
  1794 10162   479 13785 14172 14104 20224  5387 14358 14383 10307  7593
 19950 14953  3308 17293  8672 27446 18167 10409 18524 27076 15313  8873
 19023  4868 24958 15335  3371 24299 23392 16760 19036 17148 14205  6821
 23675 21269  5720  9266 26124  2547  6934 12523  2502 22436  9263 15228
 14693 22975  1651 24510  2117 10236 13595 10646 23364 27833 18806 28553
   494  3244  7909 12230 27408  8979 20796  1048 11463 22405 12884  1600
 15523 26186  4908 15735 13242  2139  2360  7570 12996 14459   612  9202
 14968  5091  7441    40 17914 18267 24756 14110   634 21031 22197  9426
 13309 15829 14099 26521 26848 12538 19367 13663 14598  7946 14167  1598
 26532  7874  8426 19962 28417 22074  6914   601 12690 10016  7168  3159
  7215 22078 12190   994 11618 28542 13048  3802 27201  4681 25855  7804
 19969 23939  2193 13539]
